{"contracts/asset/Asset.sol":{"l":{"40":0,"41":0,"45":0,"48":0,"52":0,"53":0,"54":0,"59":0,"60":0,"61":0,"62":0,"67":0,"68":0,"69":0,"70":0,"75":0,"76":0,"77":0,"78":0,"79":0,"80":0,"84":0,"87":0,"90":0,"97":0,"98":0,"100":0,"105":0,"106":0,"107":0,"108":0,"109":0,"111":0,"115":0,"117":0,"118":0,"119":0,"120":0,"121":0,"123":0,"124":0,"126":0,"127":0,"128":0,"129":0,"130":0,"136":0,"138":0,"139":0,"143":0,"146":0,"147":0,"150":0},"path":"/home/abstrucked/Dev/fabric/frabric-protocol/contracts/asset/Asset.sol","s":{"1":0,"2":0,"3":0,"4":0,"5":0,"6":0,"7":0,"8":0,"9":0,"10":0,"11":0,"12":0,"13":0,"14":0,"15":0,"16":0,"17":0,"18":0,"19":0,"20":0,"21":0,"22":0,"23":0,"24":0,"25":0,"26":0,"27":0,"28":0,"29":0,"30":0,"31":0,"32":0,"33":0,"34":0,"35":0,"36":0,"37":0,"38":0,"39":0,"40":0,"41":0,"42":0,"43":0,"44":0,"45":0,"46":0,"47":0,"48":0,"49":0,"50":0,"51":0,"52":0,"53":0,"54":0},"b":{"1":[0,0],"2":[0,0],"3":[0,0],"4":[0,0],"5":[0,0],"6":[0,0],"7":[0,0],"8":[0,0],"9":[0,0],"10":[0,0],"11":[0,0],"12":[0,0]},"f":{"1":0,"2":0,"3":0,"4":0,"5":0,"6":0,"7":0,"8":0,"9":0,"10":0,"11":0,"12":0,"13":0},"fnMap":{"1":{"name":"constructor","line":39,"loc":{"start":{"line":33,"column":2},"end":{"line":42,"column":2}}},"2":{"name":"beforeProposal","line":44,"loc":{"start":{"line":44,"column":2},"end":{"line":49,"column":2}}},"3":{"name":"proposePaper","line":51,"loc":{"start":{"line":51,"column":2},"end":{"line":55,"column":2}}},"4":{"name":"proposePlatformChange","line":58,"loc":{"start":{"line":57,"column":2},"end":{"line":63,"column":2}}},"5":{"name":"proposeOracleChange","line":66,"loc":{"start":{"line":65,"column":2},"end":{"line":71,"column":2}}},"6":{"name":"proposeDissolution","line":74,"loc":{"start":{"line":73,"column":2},"end":{"line":81,"column":2}}},"7":{"name":"voteYes","line":83,"loc":{"start":{"line":83,"column":2},"end":{"line":85,"column":2}}},"8":{"name":"voteNo","line":86,"loc":{"start":{"line":86,"column":2},"end":{"line":88,"column":2}}},"9":{"name":"abstain","line":89,"loc":{"start":{"line":89,"column":2},"end":{"line":91,"column":2}}},"10":{"name":"passProposal","line":93,"loc":{"start":{"line":93,"column":2},"end":{"line":101,"column":2}}},"11":{"name":"cancelProposal","line":104,"loc":{"start":{"line":104,"column":2},"end":{"line":112,"column":2}}},"12":{"name":"enactProposal","line":114,"loc":{"start":{"line":114,"column":2},"end":{"line":132,"column":2}}},"13":{"name":"reclaimDissolutionFunds","line":134,"loc":{"start":{"line":134,"column":2},"end":{"line":151,"column":2}}}},"statementMap":{"1":{"start":{"line":40,"column":4},"end":{"line":40,"column":17}},"2":{"start":{"line":41,"column":4},"end":{"line":41,"column":19}},"3":{"start":{"line":45,"column":4},"end":{"line":45,"column":1200}},"4":{"start":{"line":52,"column":4},"end":{"line":52,"column":88}},"5":{"start":{"line":53,"column":4},"end":{"line":53,"column":40}},"6":{"start":{"line":54,"column":4},"end":{"line":54,"column":13}},"7":{"start":{"line":59,"column":4},"end":{"line":59,"column":79}},"8":{"start":{"line":60,"column":4},"end":{"line":60,"column":40}},"9":{"start":{"line":61,"column":4},"end":{"line":61,"column":55}},"10":{"start":{"line":62,"column":4},"end":{"line":62,"column":45}},"11":{"start":{"line":67,"column":4},"end":{"line":67,"column":79}},"12":{"start":{"line":68,"column":4},"end":{"line":68,"column":40}},"13":{"start":{"line":69,"column":4},"end":{"line":69,"column":32}},"14":{"start":{"line":70,"column":4},"end":{"line":70,"column":44}},"15":{"start":{"line":75,"column":4},"end":{"line":75,"column":65}},"16":{"start":{"line":76,"column":4},"end":{"line":76,"column":79}},"17":{"start":{"line":77,"column":4},"end":{"line":77,"column":40}},"18":{"start":{"line":78,"column":4},"end":{"line":78,"column":78}},"19":{"start":{"line":79,"column":4},"end":{"line":79,"column":72}},"20":{"start":{"line":80,"column":4},"end":{"line":80,"column":66}},"21":{"start":{"line":84,"column":4},"end":{"line":84,"column":70}},"22":{"start":{"line":87,"column":4},"end":{"line":87,"column":69}},"23":{"start":{"line":90,"column":4},"end":{"line":90,"column":70}},"24":{"start":{"line":97,"column":4},"end":{"line":97,"column":3732}},"25":{"start":{"line":98,"column":6},"end":{"line":98,"column":87}},"26":{"start":{"line":100,"column":4},"end":{"line":100,"column":36}},"27":{"start":{"line":105,"column":4},"end":{"line":105,"column":59}},"28":{"start":{"line":106,"column":4},"end":{"line":106,"column":59}},"29":{"start":{"line":107,"column":4},"end":{"line":107,"column":4248}},"30":{"start":{"line":108,"column":6},"end":{"line":108,"column":73}},"31":{"start":{"line":109,"column":6},"end":{"line":109,"column":41}},"32":{"start":{"line":111,"column":4},"end":{"line":111,"column":52}},"33":{"start":{"line":115,"column":4},"end":{"line":115,"column":24}},"34":{"start":{"line":117,"column":4},"end":{"line":117,"column":4571}},"35":{"start":{"line":118,"column":6},"end":{"line":118,"column":44}},"36":{"start":{"line":119,"column":6},"end":{"line":119,"column":34}},"37":{"start":{"line":120,"column":6},"end":{"line":120,"column":69}},"38":{"start":{"line":121,"column":6},"end":{"line":121,"column":40}},"39":{"start":{"line":122,"column":11},"end":{"line":122,"column":4830}},"40":{"start":{"line":123,"column":6},"end":{"line":123,"column":55}},"41":{"start":{"line":124,"column":6},"end":{"line":124,"column":31}},"42":{"start":{"line":125,"column":11},"end":{"line":125,"column":4971}},"43":{"start":{"line":126,"column":6},"end":{"line":126,"column":81}},"44":{"start":{"line":127,"column":6},"end":{"line":127,"column":87}},"45":{"start":{"line":128,"column":6},"end":{"line":128,"column":21}},"46":{"start":{"line":129,"column":6},"end":{"line":129,"column":13}},"47":{"start":{"line":130,"column":6},"end":{"line":130,"column":85}},"48":{"start":{"line":136,"column":4},"end":{"line":136,"column":74}},"49":{"start":{"line":138,"column":4},"end":{"line":138,"column":5583}},"50":{"start":{"line":139,"column":6},"end":{"line":139,"column":81}},"51":{"start":{"line":143,"column":4},"end":{"line":143,"column":87}},"52":{"start":{"line":146,"column":4},"end":{"line":146,"column":83}},"53":{"start":{"line":147,"column":4},"end":{"line":147,"column":36}},"54":{"start":{"line":150,"column":4},"end":{"line":150,"column":103}}},"branchMap":{"1":{"line":45,"type":"if","locations":[{"start":{"line":45,"column":4},"end":{"line":45,"column":4}},{"start":{"line":45,"column":4},"end":{"line":45,"column":4}}]},"2":{"line":75,"type":"if","locations":[{"start":{"line":75,"column":4},"end":{"line":75,"column":4}},{"start":{"line":75,"column":4},"end":{"line":75,"column":4}}]},"3":{"line":97,"type":"if","locations":[{"start":{"line":97,"column":4},"end":{"line":97,"column":4}},{"start":{"line":97,"column":4},"end":{"line":97,"column":4}}]},"4":{"line":98,"type":"if","locations":[{"start":{"line":98,"column":6},"end":{"line":98,"column":6}},{"start":{"line":98,"column":6},"end":{"line":98,"column":6}}]},"5":{"line":117,"type":"if","locations":[{"start":{"line":117,"column":4},"end":{"line":117,"column":4}},{"start":{"line":117,"column":4},"end":{"line":117,"column":4}}]},"6":{"line":122,"type":"if","locations":[{"start":{"line":122,"column":11},"end":{"line":122,"column":11}},{"start":{"line":122,"column":11},"end":{"line":122,"column":11}}]},"7":{"line":125,"type":"if","locations":[{"start":{"line":125,"column":11},"end":{"line":125,"column":11}},{"start":{"line":125,"column":11},"end":{"line":125,"column":11}}]},"8":{"line":136,"type":"if","locations":[{"start":{"line":136,"column":4},"end":{"line":136,"column":4}},{"start":{"line":136,"column":4},"end":{"line":136,"column":4}}]},"9":{"line":138,"type":"if","locations":[{"start":{"line":138,"column":4},"end":{"line":138,"column":4}},{"start":{"line":138,"column":4},"end":{"line":138,"column":4}}]},"10":{"line":139,"type":"if","locations":[{"start":{"line":139,"column":6},"end":{"line":139,"column":6}},{"start":{"line":139,"column":6},"end":{"line":139,"column":6}}]},"11":{"line":143,"type":"if","locations":[{"start":{"line":143,"column":4},"end":{"line":143,"column":4}},{"start":{"line":143,"column":4},"end":{"line":143,"column":4}}]},"12":{"line":146,"type":"if","locations":[{"start":{"line":146,"column":4},"end":{"line":146,"column":4}},{"start":{"line":146,"column":4},"end":{"line":146,"column":4}}]}}},"contracts/asset/AssetERC20.sol":{"l":{"43":0,"44":0,"45":0,"49":0,"54":0,"55":0,"57":0,"58":0,"59":0,"60":0,"63":0,"65":0,"67":0,"70":0,"74":0,"78":0,"82":0,"86":0,"87":0,"92":0,"95":0,"96":0,"100":0,"101":0,"106":0,"110":0,"111":0,"114":0,"117":0,"120":0,"124":0,"127":0,"128":0,"131":0,"132":0,"133":0,"135":0,"138":0,"139":0,"141":0,"145":0,"146":0,"150":0,"151":0,"155":0,"156":0,"159":0,"160":0,"161":0,"162":0},"path":"/home/abstrucked/Dev/fabric/frabric-protocol/contracts/asset/AssetERC20.sol","s":{"1":0,"2":0,"3":0,"4":0,"5":0,"6":0,"7":0,"8":0,"9":0,"10":0,"11":0,"12":0,"13":0,"14":0,"15":0,"16":0,"17":0,"18":0,"19":0,"20":0,"21":0,"22":0,"23":0,"24":0,"25":0,"26":0,"27":0,"28":0,"29":0,"30":0,"31":0,"32":0,"33":0,"34":0,"35":0,"36":0,"37":0,"38":0,"39":0,"40":0,"41":0,"42":0,"43":0,"44":0,"45":0,"46":0,"47":0,"48":0,"49":0,"50":0},"b":{"1":[0,0],"2":[0,0],"3":[0,0],"4":[0,0],"5":[0,0],"6":[0,0],"7":[0,0],"8":[0,0],"9":[0,0],"10":[0,0],"11":[0,0],"12":[0,0],"13":[0,0],"14":[0,0],"15":[0,0]},"f":{"1":0,"2":0,"3":0,"4":0,"5":0,"6":0,"7":0,"8":0,"9":0,"10":0,"11":0,"12":0},"fnMap":{"1":{"name":"constructor","line":42,"loc":{"start":{"line":37,"column":2},"end":{"line":46,"column":2}}},"2":{"name":"decimals","line":48,"loc":{"start":{"line":48,"column":2},"end":{"line":50,"column":2}}},"3":{"name":"onERC721Received","line":52,"loc":{"start":{"line":52,"column":2},"end":{"line":71,"column":2}}},"4":{"name":"setWhitelisted","line":73,"loc":{"start":{"line":73,"column":2},"end":{"line":75,"column":2}}},"5":{"name":"globallyAccept","line":77,"loc":{"start":{"line":77,"column":2},"end":{"line":79,"column":2}}},"6":{"name":"pause","line":81,"loc":{"start":{"line":81,"column":2},"end":{"line":83,"column":2}}},"7":{"name":"unpause","line":85,"loc":{"start":{"line":85,"column":2},"end":{"line":88,"column":2}}},"8":{"name":"balanceOfAtHeight","line":90,"loc":{"start":{"line":90,"column":2},"end":{"line":121,"column":2}}},"9":{"name":"_beforeTokenTransfer","line":123,"loc":{"start":{"line":123,"column":2},"end":{"line":142,"column":2}}},"10":{"name":"_distribute","line":144,"loc":{"start":{"line":144,"column":2},"end":{"line":147,"column":2}}},"11":{"name":"distribute","line":149,"loc":{"start":{"line":149,"column":2},"end":{"line":152,"column":2}}},"12":{"name":"claim","line":154,"loc":{"start":{"line":154,"column":2},"end":{"line":163,"column":2}}}},"statementMap":{"1":{"start":{"line":43,"column":4},"end":{"line":43,"column":23}},"2":{"start":{"line":44,"column":4},"end":{"line":44,"column":13}},"3":{"start":{"line":45,"column":4},"end":{"line":45,"column":19}},"4":{"start":{"line":49,"column":4},"end":{"line":49,"column":12}},"5":{"start":{"line":54,"column":4},"end":{"line":54,"column":77}},"6":{"start":{"line":55,"column":4},"end":{"line":55,"column":59}},"7":{"start":{"line":57,"column":4},"end":{"line":57,"column":31}},"8":{"start":{"line":58,"column":4},"end":{"line":58,"column":54}},"9":{"start":{"line":59,"column":4},"end":{"line":59,"column":49}},"10":{"start":{"line":60,"column":4},"end":{"line":60,"column":68}},"11":{"start":{"line":63,"column":4},"end":{"line":63,"column":1908}},"12":{"start":{"line":65,"column":6},"end":{"line":65,"column":28}},"13":{"start":{"line":67,"column":6},"end":{"line":67,"column":85}},"14":{"start":{"line":70,"column":4},"end":{"line":70,"column":52}},"15":{"start":{"line":74,"column":4},"end":{"line":74,"column":36}},"16":{"start":{"line":78,"column":4},"end":{"line":78,"column":20}},"17":{"start":{"line":82,"column":4},"end":{"line":82,"column":11}},"18":{"start":{"line":86,"column":4},"end":{"line":86,"column":60}},"19":{"start":{"line":87,"column":4},"end":{"line":87,"column":13}},"20":{"start":{"line":92,"column":4},"end":{"line":92,"column":93}},"21":{"start":{"line":95,"column":4},"end":{"line":95,"column":2967}},"22":{"start":{"line":96,"column":6},"end":{"line":96,"column":14}},"23":{"start":{"line":100,"column":4},"end":{"line":100,"column":3122}},"24":{"start":{"line":101,"column":6},"end":{"line":101,"column":74}},"25":{"start":{"line":106,"column":4},"end":{"line":106,"column":50}},"26":{"start":{"line":110,"column":4},"end":{"line":110,"column":3685}},"27":{"start":{"line":111,"column":6},"end":{"line":111,"column":3796}},"28":{"start":{"line":114,"column":8},"end":{"line":114,"column":49}},"29":{"start":{"line":117,"column":8},"end":{"line":117,"column":16}},"30":{"start":{"line":120,"column":4},"end":{"line":120,"column":42}},"31":{"start":{"line":124,"column":4},"end":{"line":124,"column":76}},"32":{"start":{"line":127,"column":4},"end":{"line":127,"column":4336}},"33":{"start":{"line":128,"column":6},"end":{"line":128,"column":12}},"34":{"start":{"line":131,"column":4},"end":{"line":131,"column":4379}},"35":{"start":{"line":132,"column":6},"end":{"line":132,"column":4413}},"36":{"start":{"line":133,"column":8},"end":{"line":133,"column":59}},"37":{"start":{"line":135,"column":6},"end":{"line":135,"column":89}},"38":{"start":{"line":138,"column":4},"end":{"line":138,"column":4701}},"39":{"start":{"line":139,"column":6},"end":{"line":139,"column":55}},"40":{"start":{"line":141,"column":4},"end":{"line":141,"column":81}},"41":{"start":{"line":145,"column":4},"end":{"line":145,"column":65}},"42":{"start":{"line":146,"column":4},"end":{"line":146,"column":44}},"43":{"start":{"line":150,"column":4},"end":{"line":150,"column":64}},"44":{"start":{"line":151,"column":4},"end":{"line":151,"column":37}},"45":{"start":{"line":155,"column":4},"end":{"line":155,"column":80}},"46":{"start":{"line":156,"column":4},"end":{"line":156,"column":29}},"47":{"start":{"line":159,"column":4},"end":{"line":159,"column":109}},"48":{"start":{"line":160,"column":4},"end":{"line":160,"column":63}},"49":{"start":{"line":161,"column":4},"end":{"line":161,"column":52}},"50":{"start":{"line":162,"column":4},"end":{"line":162,"column":36}}},"branchMap":{"1":{"line":54,"type":"if","locations":[{"start":{"line":54,"column":4},"end":{"line":54,"column":4}},{"start":{"line":54,"column":4},"end":{"line":54,"column":4}}]},"2":{"line":55,"type":"if","locations":[{"start":{"line":55,"column":4},"end":{"line":55,"column":4}},{"start":{"line":55,"column":4},"end":{"line":55,"column":4}}]},"3":{"line":63,"type":"if","locations":[{"start":{"line":63,"column":4},"end":{"line":63,"column":4}},{"start":{"line":63,"column":4},"end":{"line":63,"column":4}}]},"4":{"line":86,"type":"if","locations":[{"start":{"line":86,"column":4},"end":{"line":86,"column":4}},{"start":{"line":86,"column":4},"end":{"line":86,"column":4}}]},"5":{"line":92,"type":"if","locations":[{"start":{"line":92,"column":4},"end":{"line":92,"column":4}},{"start":{"line":92,"column":4},"end":{"line":92,"column":4}}]},"6":{"line":95,"type":"if","locations":[{"start":{"line":95,"column":4},"end":{"line":95,"column":4}},{"start":{"line":95,"column":4},"end":{"line":95,"column":4}}]},"7":{"line":100,"type":"if","locations":[{"start":{"line":100,"column":4},"end":{"line":100,"column":4}},{"start":{"line":100,"column":4},"end":{"line":100,"column":4}}]},"8":{"line":111,"type":"if","locations":[{"start":{"line":111,"column":6},"end":{"line":111,"column":6}},{"start":{"line":111,"column":6},"end":{"line":111,"column":6}}]},"9":{"line":124,"type":"if","locations":[{"start":{"line":124,"column":4},"end":{"line":124,"column":4}},{"start":{"line":124,"column":4},"end":{"line":124,"column":4}}]},"10":{"line":127,"type":"if","locations":[{"start":{"line":127,"column":4},"end":{"line":127,"column":4}},{"start":{"line":127,"column":4},"end":{"line":127,"column":4}}]},"11":{"line":131,"type":"if","locations":[{"start":{"line":131,"column":4},"end":{"line":131,"column":4}},{"start":{"line":131,"column":4},"end":{"line":131,"column":4}}]},"12":{"line":132,"type":"if","locations":[{"start":{"line":132,"column":6},"end":{"line":132,"column":6}},{"start":{"line":132,"column":6},"end":{"line":132,"column":6}}]},"13":{"line":138,"type":"if","locations":[{"start":{"line":138,"column":4},"end":{"line":138,"column":4}},{"start":{"line":138,"column":4},"end":{"line":138,"column":4}}]},"14":{"line":155,"type":"if","locations":[{"start":{"line":155,"column":4},"end":{"line":155,"column":4}},{"start":{"line":155,"column":4},"end":{"line":155,"column":4}}]},"15":{"line":160,"type":"if","locations":[{"start":{"line":160,"column":4},"end":{"line":160,"column":4}},{"start":{"line":160,"column":4},"end":{"line":160,"column":4}}]}}},"contracts/asset/AssetWhitelist.sol":{"l":{"13":0,"14":0,"18":0,"22":0,"26":0},"path":"/home/abstrucked/Dev/fabric/frabric-protocol/contracts/asset/AssetWhitelist.sol","s":{"1":0,"2":0,"3":0,"4":0,"5":0},"b":{},"f":{"1":0,"2":0,"3":0,"4":0},"fnMap":{"1":{"name":"_setParentWhitelist","line":12,"loc":{"start":{"line":12,"column":2},"end":{"line":15,"column":2}}},"2":{"name":"constructor","line":17,"loc":{"start":{"line":17,"column":2},"end":{"line":19,"column":2}}},"3":{"name":"parentWhitelist","line":21,"loc":{"start":{"line":21,"column":2},"end":{"line":23,"column":2}}},"4":{"name":"whitelisted","line":25,"loc":{"start":{"line":25,"column":2},"end":{"line":33,"column":2}}}},"statementMap":{"1":{"start":{"line":13,"column":4},"end":{"line":13,"column":82}},"2":{"start":{"line":14,"column":4},"end":{"line":14,"column":62}},"3":{"start":{"line":18,"column":4},"end":{"line":18,"column":46}},"4":{"start":{"line":22,"column":4},"end":{"line":22,"column":36}},"5":{"start":{"line":26,"column":4},"end":{"line":26,"column":935}}},"branchMap":{}},"contracts/asset/IntegratedLimitOrderDex.sol":{"l":{"35":8,"36":8,"37":8,"38":18,"39":18,"40":4,"42":18,"43":18,"44":18,"46":18,"49":9,"53":9,"58":8,"59":6,"61":2,"65":8,"69":8,"72":4,"73":4,"75":0,"79":4,"80":3,"83":3,"84":10,"90":1,"91":4,"92":1,"94":4,"98":4,"103":16,"104":16,"105":16,"107":16,"108":16,"109":2,"110":2,"111":2,"112":2,"114":8,"115":8,"117":6,"120":6,"121":1,"122":1,"123":1,"124":1,"127":0,"132":8,"133":8,"134":8,"136":8,"137":8,"138":3,"139":3,"140":3,"141":3,"143":2,"144":2,"145":0,"146":0,"147":0,"148":0,"151":3,"153":0,"158":0,"159":0,"161":0,"163":0,"164":0,"166":0,"168":0,"172":0,"173":0,"175":0,"179":0,"180":0,"181":0,"182":0,"186":0,"190":6,"194":0,"198":0,"202":3},"path":"/home/abstrucked/Dev/fabric/frabric-protocol/contracts/asset/IntegratedLimitOrderDex.sol","s":{"1":8,"2":8,"3":8,"4":18,"5":18,"6":4,"7":18,"8":18,"9":18,"10":18,"11":9,"12":9,"13":8,"14":6,"15":2,"16":8,"17":4,"18":4,"19":4,"20":3,"21":3,"22":10,"23":1,"24":4,"25":1,"26":4,"27":4,"28":16,"29":16,"30":16,"31":16,"32":16,"33":2,"34":2,"35":2,"36":2,"37":14,"38":8,"39":8,"40":6,"41":6,"42":6,"43":1,"44":1,"45":1,"46":1,"47":0,"48":8,"49":8,"50":8,"51":8,"52":8,"53":3,"54":3,"55":3,"56":3,"57":5,"58":2,"59":2,"60":0,"61":0,"62":0,"63":0,"64":3,"65":3,"66":0,"67":0,"68":0,"69":0,"70":0,"71":0,"72":0,"73":0,"74":0,"75":0,"76":0,"77":0,"78":0,"79":0,"80":0,"81":0,"82":0,"83":6,"84":0,"85":0,"86":3},"b":{"1":[4,14],"2":[9,9],"3":[6,2],"4":[4,4],"5":[4,0],"6":[3,1],"7":[1,3],"8":[16,0],"9":[16,0],"10":[16,0],"11":[2,14],"12":[8,6],"13":[6,0],"14":[1,5],"15":[0,0],"16":[8,0],"17":[8,0],"18":[3,5],"19":[2,3],"20":[0,2],"21":[3,0],"22":[0,0],"23":[0,0],"24":[0,0],"25":[0,0],"26":[0,0],"27":[0,0],"28":[0,0],"29":[0,0],"30":[0,0]},"f":{"1":8,"2":16,"3":8,"4":0,"5":0,"6":0,"7":6,"8":0,"9":0,"10":3},"fnMap":{"1":{"name":"fill","line":33,"loc":{"start":{"line":33,"column":2},"end":{"line":99,"column":2}}},"2":{"name":"buy","line":102,"loc":{"start":{"line":102,"column":2},"end":{"line":129,"column":2}}},"3":{"name":"sell","line":131,"loc":{"start":{"line":131,"column":2},"end":{"line":155,"column":2}}},"4":{"name":"cancelOrder","line":157,"loc":{"start":{"line":157,"column":2},"end":{"line":176,"column":2}}},"5":{"name":"withdraw","line":178,"loc":{"start":{"line":178,"column":2},"end":{"line":183,"column":2}}},"6":{"name":"getOrderType","line":185,"loc":{"start":{"line":185,"column":2},"end":{"line":187,"column":2}}},"7":{"name":"getOrderQuantity","line":189,"loc":{"start":{"line":189,"column":2},"end":{"line":191,"column":2}}},"8":{"name":"getOrderHolder","line":193,"loc":{"start":{"line":193,"column":2},"end":{"line":195,"column":2}}},"9":{"name":"getOrderAmount","line":197,"loc":{"start":{"line":197,"column":2},"end":{"line":199,"column":2}}},"10":{"name":"getEthBalance","line":201,"loc":{"start":{"line":201,"column":2},"end":{"line":203,"column":2}}}},"statementMap":{"1":{"start":{"line":35,"column":4},"end":{"line":35,"column":22}},"2":{"start":{"line":36,"column":4},"end":{"line":36,"column":17}},"3":{"start":{"line":37,"column":4},"end":{"line":37,"column":1155}},"4":{"start":{"line":38,"column":6},"end":{"line":38,"column":50}},"5":{"start":{"line":39,"column":6},"end":{"line":39,"column":1279}},"6":{"start":{"line":40,"column":8},"end":{"line":40,"column":26}},"7":{"start":{"line":42,"column":6},"end":{"line":42,"column":42}},"8":{"start":{"line":43,"column":6},"end":{"line":43,"column":25}},"9":{"start":{"line":44,"column":6},"end":{"line":44,"column":69}},"10":{"start":{"line":46,"column":6},"end":{"line":46,"column":1494}},"11":{"start":{"line":49,"column":8},"end":{"line":49,"column":58}},"12":{"start":{"line":53,"column":8},"end":{"line":53,"column":78}},"13":{"start":{"line":58,"column":4},"end":{"line":58,"column":2000}},"14":{"start":{"line":59,"column":6},"end":{"line":59,"column":59}},"15":{"start":{"line":61,"column":6},"end":{"line":61,"column":39}},"16":{"start":{"line":69,"column":4},"end":{"line":69,"column":2323}},"17":{"start":{"line":72,"column":6},"end":{"line":72,"column":2474}},"18":{"start":{"line":73,"column":8},"end":{"line":73,"column":21}},"19":{"start":{"line":79,"column":4},"end":{"line":79,"column":2599}},"20":{"start":{"line":80,"column":6},"end":{"line":80,"column":37}},"21":{"start":{"line":83,"column":6},"end":{"line":83,"column":2801}},"22":{"start":{"line":84,"column":8},"end":{"line":84,"column":26}},"23":{"start":{"line":90,"column":6},"end":{"line":90,"column":3173}},"24":{"start":{"line":91,"column":8},"end":{"line":91,"column":3218}},"25":{"start":{"line":92,"column":10},"end":{"line":92,"column":67}},"26":{"start":{"line":94,"column":8},"end":{"line":94,"column":26}},"27":{"start":{"line":98,"column":4},"end":{"line":98,"column":17}},"28":{"start":{"line":103,"column":4},"end":{"line":103,"column":63}},"29":{"start":{"line":104,"column":4},"end":{"line":104,"column":61}},"30":{"start":{"line":105,"column":4},"end":{"line":105,"column":89}},"31":{"start":{"line":107,"column":4},"end":{"line":107,"column":40}},"32":{"start":{"line":108,"column":4},"end":{"line":108,"column":3777}},"33":{"start":{"line":109,"column":6},"end":{"line":109,"column":36}},"34":{"start":{"line":110,"column":6},"end":{"line":110,"column":53}},"35":{"start":{"line":111,"column":6},"end":{"line":111,"column":29}},"36":{"start":{"line":112,"column":6},"end":{"line":112,"column":51}},"37":{"start":{"line":113,"column":11},"end":{"line":113,"column":4008}},"38":{"start":{"line":114,"column":6},"end":{"line":114,"column":53}},"39":{"start":{"line":115,"column":6},"end":{"line":115,"column":51}},"40":{"start":{"line":116,"column":11},"end":{"line":116,"column":4168}},"41":{"start":{"line":117,"column":6},"end":{"line":117,"column":55}},"42":{"start":{"line":120,"column":6},"end":{"line":120,"column":4330}},"43":{"start":{"line":121,"column":8},"end":{"line":121,"column":38}},"44":{"start":{"line":122,"column":8},"end":{"line":122,"column":64}},"45":{"start":{"line":123,"column":8},"end":{"line":123,"column":31}},"46":{"start":{"line":124,"column":8},"end":{"line":124,"column":53}},"47":{"start":{"line":127,"column":6},"end":{"line":127,"column":92}},"48":{"start":{"line":132,"column":4},"end":{"line":132,"column":63}},"49":{"start":{"line":133,"column":4},"end":{"line":133,"column":61}},"50":{"start":{"line":134,"column":4},"end":{"line":134,"column":76}},"51":{"start":{"line":136,"column":4},"end":{"line":136,"column":40}},"52":{"start":{"line":137,"column":4},"end":{"line":137,"column":4995}},"53":{"start":{"line":138,"column":6},"end":{"line":138,"column":37}},"54":{"start":{"line":139,"column":6},"end":{"line":139,"column":53}},"55":{"start":{"line":140,"column":6},"end":{"line":140,"column":30}},"56":{"start":{"line":141,"column":6},"end":{"line":141,"column":51}},"57":{"start":{"line":142,"column":11},"end":{"line":142,"column":5228}},"58":{"start":{"line":143,"column":6},"end":{"line":143,"column":56}},"59":{"start":{"line":144,"column":6},"end":{"line":144,"column":5334}},"60":{"start":{"line":145,"column":8},"end":{"line":145,"column":39}},"61":{"start":{"line":146,"column":8},"end":{"line":146,"column":64}},"62":{"start":{"line":147,"column":8},"end":{"line":147,"column":32}},"63":{"start":{"line":148,"column":8},"end":{"line":148,"column":62}},"64":{"start":{"line":150,"column":11},"end":{"line":150,"column":5581}},"65":{"start":{"line":151,"column":6},"end":{"line":151,"column":53}},"66":{"start":{"line":153,"column":6},"end":{"line":153,"column":92}},"67":{"start":{"line":158,"column":4},"end":{"line":158,"column":112}},"68":{"start":{"line":159,"column":4},"end":{"line":159,"column":130}},"69":{"start":{"line":161,"column":4},"end":{"line":161,"column":6119}},"70":{"start":{"line":163,"column":6},"end":{"line":163,"column":95}},"71":{"start":{"line":164,"column":6},"end":{"line":164,"column":100}},"72":{"start":{"line":165,"column":11},"end":{"line":165,"column":6465}},"73":{"start":{"line":166,"column":6},"end":{"line":166,"column":85}},"74":{"start":{"line":168,"column":6},"end":{"line":168,"column":92}},"75":{"start":{"line":172,"column":4},"end":{"line":172,"column":6786}},"76":{"start":{"line":173,"column":6},"end":{"line":173,"column":90}},"77":{"start":{"line":175,"column":4},"end":{"line":175,"column":31}},"78":{"start":{"line":179,"column":4},"end":{"line":179,"column":38}},"79":{"start":{"line":180,"column":4},"end":{"line":180,"column":23}},"80":{"start":{"line":181,"column":4},"end":{"line":181,"column":58}},"81":{"start":{"line":182,"column":4},"end":{"line":182,"column":69}},"82":{"start":{"line":186,"column":4},"end":{"line":186,"column":44}},"83":{"start":{"line":190,"column":4},"end":{"line":190,"column":40}},"84":{"start":{"line":194,"column":4},"end":{"line":194,"column":43}},"85":{"start":{"line":198,"column":4},"end":{"line":198,"column":43}},"86":{"start":{"line":202,"column":4},"end":{"line":202,"column":23}}},"branchMap":{"1":{"line":39,"type":"if","locations":[{"start":{"line":39,"column":6},"end":{"line":39,"column":6}},{"start":{"line":39,"column":6},"end":{"line":39,"column":6}}]},"2":{"line":46,"type":"if","locations":[{"start":{"line":46,"column":6},"end":{"line":46,"column":6}},{"start":{"line":46,"column":6},"end":{"line":46,"column":6}}]},"3":{"line":58,"type":"if","locations":[{"start":{"line":58,"column":4},"end":{"line":58,"column":4}},{"start":{"line":58,"column":4},"end":{"line":58,"column":4}}]},"4":{"line":69,"type":"if","locations":[{"start":{"line":69,"column":4},"end":{"line":69,"column":4}},{"start":{"line":69,"column":4},"end":{"line":69,"column":4}}]},"5":{"line":72,"type":"if","locations":[{"start":{"line":72,"column":6},"end":{"line":72,"column":6}},{"start":{"line":72,"column":6},"end":{"line":72,"column":6}}]},"6":{"line":79,"type":"if","locations":[{"start":{"line":79,"column":4},"end":{"line":79,"column":4}},{"start":{"line":79,"column":4},"end":{"line":79,"column":4}}]},"7":{"line":91,"type":"if","locations":[{"start":{"line":91,"column":8},"end":{"line":91,"column":8}},{"start":{"line":91,"column":8},"end":{"line":91,"column":8}}]},"8":{"line":103,"type":"if","locations":[{"start":{"line":103,"column":4},"end":{"line":103,"column":4}},{"start":{"line":103,"column":4},"end":{"line":103,"column":4}}]},"9":{"line":104,"type":"if","locations":[{"start":{"line":104,"column":4},"end":{"line":104,"column":4}},{"start":{"line":104,"column":4},"end":{"line":104,"column":4}}]},"10":{"line":105,"type":"if","locations":[{"start":{"line":105,"column":4},"end":{"line":105,"column":4}},{"start":{"line":105,"column":4},"end":{"line":105,"column":4}}]},"11":{"line":108,"type":"if","locations":[{"start":{"line":108,"column":4},"end":{"line":108,"column":4}},{"start":{"line":108,"column":4},"end":{"line":108,"column":4}}]},"12":{"line":113,"type":"if","locations":[{"start":{"line":113,"column":11},"end":{"line":113,"column":11}},{"start":{"line":113,"column":11},"end":{"line":113,"column":11}}]},"13":{"line":116,"type":"if","locations":[{"start":{"line":116,"column":11},"end":{"line":116,"column":11}},{"start":{"line":116,"column":11},"end":{"line":116,"column":11}}]},"14":{"line":120,"type":"if","locations":[{"start":{"line":120,"column":6},"end":{"line":120,"column":6}},{"start":{"line":120,"column":6},"end":{"line":120,"column":6}}]},"15":{"line":127,"type":"if","locations":[{"start":{"line":127,"column":6},"end":{"line":127,"column":6}},{"start":{"line":127,"column":6},"end":{"line":127,"column":6}}]},"16":{"line":132,"type":"if","locations":[{"start":{"line":132,"column":4},"end":{"line":132,"column":4}},{"start":{"line":132,"column":4},"end":{"line":132,"column":4}}]},"17":{"line":133,"type":"if","locations":[{"start":{"line":133,"column":4},"end":{"line":133,"column":4}},{"start":{"line":133,"column":4},"end":{"line":133,"column":4}}]},"18":{"line":137,"type":"if","locations":[{"start":{"line":137,"column":4},"end":{"line":137,"column":4}},{"start":{"line":137,"column":4},"end":{"line":137,"column":4}}]},"19":{"line":142,"type":"if","locations":[{"start":{"line":142,"column":11},"end":{"line":142,"column":11}},{"start":{"line":142,"column":11},"end":{"line":142,"column":11}}]},"20":{"line":144,"type":"if","locations":[{"start":{"line":144,"column":6},"end":{"line":144,"column":6}},{"start":{"line":144,"column":6},"end":{"line":144,"column":6}}]},"21":{"line":150,"type":"if","locations":[{"start":{"line":150,"column":11},"end":{"line":150,"column":11}},{"start":{"line":150,"column":11},"end":{"line":150,"column":11}}]},"22":{"line":153,"type":"if","locations":[{"start":{"line":153,"column":6},"end":{"line":153,"column":6}},{"start":{"line":153,"column":6},"end":{"line":153,"column":6}}]},"23":{"line":158,"type":"if","locations":[{"start":{"line":158,"column":4},"end":{"line":158,"column":4}},{"start":{"line":158,"column":4},"end":{"line":158,"column":4}}]},"24":{"line":159,"type":"if","locations":[{"start":{"line":159,"column":4},"end":{"line":159,"column":4}},{"start":{"line":159,"column":4},"end":{"line":159,"column":4}}]},"25":{"line":161,"type":"if","locations":[{"start":{"line":161,"column":4},"end":{"line":161,"column":4}},{"start":{"line":161,"column":4},"end":{"line":161,"column":4}}]},"26":{"line":164,"type":"if","locations":[{"start":{"line":164,"column":6},"end":{"line":164,"column":6}},{"start":{"line":164,"column":6},"end":{"line":164,"column":6}}]},"27":{"line":165,"type":"if","locations":[{"start":{"line":165,"column":11},"end":{"line":165,"column":11}},{"start":{"line":165,"column":11},"end":{"line":165,"column":11}}]},"28":{"line":168,"type":"if","locations":[{"start":{"line":168,"column":6},"end":{"line":168,"column":6}},{"start":{"line":168,"column":6},"end":{"line":168,"column":6}}]},"29":{"line":172,"type":"if","locations":[{"start":{"line":172,"column":4},"end":{"line":172,"column":4}},{"start":{"line":172,"column":4},"end":{"line":172,"column":4}}]},"30":{"line":182,"type":"if","locations":[{"start":{"line":182,"column":4},"end":{"line":182,"column":4}},{"start":{"line":182,"column":4},"end":{"line":182,"column":4}}]}}},"contracts/dao/Dao.sol":{"l":{"24":0,"27":0,"30":0,"33":0,"36":0,"39":1,"42":0,"45":0,"49":14,"64":13,"65":13,"70":5,"71":5,"73":5,"74":5,"75":5,"76":5,"77":5,"79":5,"81":5,"86":6,"87":0,"89":0,"93":6,"98":6,"99":6,"100":6,"101":6,"102":6,"106":0,"107":0,"108":0,"109":0,"110":0,"114":0,"115":0,"117":0,"122":0,"123":0,"124":0,"125":0,"126":0,"131":0,"132":0,"134":0,"135":0,"136":0,"138":0,"139":0,"142":0,"143":0,"144":0,"148":0,"149":0,"150":0,"151":0,"152":0,"153":0,"154":0,"160":1,"163":1,"164":1},"path":"/home/abstrucked/Dev/fabric/frabric-protocol/contracts/dao/Dao.sol","s":{"1":0,"2":0,"3":0,"4":0,"5":0,"6":1,"7":0,"8":0,"9":14,"10":13,"11":5,"12":5,"13":5,"14":5,"15":5,"16":5,"17":5,"18":5,"19":6,"20":0,"21":6,"22":0,"23":6,"24":6,"25":6,"26":6,"27":6,"28":6,"29":0,"30":0,"31":0,"32":0,"33":0,"34":0,"35":0,"36":0,"37":0,"38":0,"39":0,"40":0,"41":0,"42":0,"43":0,"44":0,"45":0,"46":0,"47":0,"48":0,"49":0,"50":0,"51":0,"52":0,"53":0,"54":0,"55":0,"56":0,"57":0,"58":0,"59":1,"60":1,"61":1},"b":{"1":[13,0],"2":[0,6],"3":[0,6],"4":[6,0],"5":[0,0],"6":[0,0],"7":[0,0],"8":[0,0],"9":[0,0],"10":[0,0],"11":[0,0],"12":[0,0],"13":[0,0],"14":[0,0],"15":[0,0],"16":[0,0],"17":[0,0],"18":[1,0]},"f":{"1":0,"2":0,"3":0,"4":0,"5":0,"6":1,"7":0,"8":0,"9":14,"10":13,"11":5,"12":6,"13":6,"14":0,"15":0,"16":0,"17":0,"18":0,"19":1},"fnMap":{"1":{"name":"getProposalCreator","line":23,"loc":{"start":{"line":23,"column":2},"end":{"line":25,"column":2}}},"2":{"name":"getProposalInfo","line":26,"loc":{"start":{"line":26,"column":2},"end":{"line":28,"column":2}}},"3":{"name":"getVoteStatus","line":29,"loc":{"start":{"line":29,"column":2},"end":{"line":31,"column":2}}},"4":{"name":"getTimeSubmitted","line":32,"loc":{"start":{"line":32,"column":2},"end":{"line":34,"column":2}}},"5":{"name":"getTimeExpires","line":35,"loc":{"start":{"line":35,"column":2},"end":{"line":37,"column":2}}},"6":{"name":"getTimeQueued","line":38,"loc":{"start":{"line":38,"column":2},"end":{"line":40,"column":2}}},"7":{"name":"getCancelled","line":41,"loc":{"start":{"line":41,"column":2},"end":{"line":43,"column":2}}},"8":{"name":"getCompleted","line":44,"loc":{"start":{"line":44,"column":2},"end":{"line":46,"column":2}}},"9":{"name":"isProposalActive","line":48,"loc":{"start":{"line":48,"column":2},"end":{"line":61,"column":2}}},"10":{"name":"activeProposal","line":63,"loc":{"start":{"line":63,"column":2},"end":{"line":66,"column":2}}},"11":{"name":"_createProposal","line":69,"loc":{"start":{"line":69,"column":2},"end":{"line":82,"column":2}}},"12":{"name":"_removeVotes","line":85,"loc":{"start":{"line":85,"column":2},"end":{"line":94,"column":2}}},"13":{"name":"_voteYes","line":96,"loc":{"start":{"line":96,"column":2},"end":{"line":103,"column":2}}},"14":{"name":"_voteNo","line":105,"loc":{"start":{"line":105,"column":2},"end":{"line":111,"column":2}}},"15":{"name":"_abstain","line":113,"loc":{"start":{"line":113,"column":2},"end":{"line":118,"column":2}}},"16":{"name":"_queueProposal","line":121,"loc":{"start":{"line":121,"column":2},"end":{"line":127,"column":2}}},"17":{"name":"_cancelProposal","line":129,"loc":{"start":{"line":129,"column":2},"end":{"line":145,"column":2}}},"18":{"name":"_completeProposal","line":147,"loc":{"start":{"line":147,"column":2},"end":{"line":155,"column":2}}},"19":{"name":"withdrawProposal","line":158,"loc":{"start":{"line":158,"column":2},"end":{"line":165,"column":2}}}},"statementMap":{"1":{"start":{"line":24,"column":4},"end":{"line":24,"column":33}},"2":{"start":{"line":27,"column":4},"end":{"line":27,"column":30}},"3":{"start":{"line":30,"column":4},"end":{"line":30,"column":39}},"4":{"start":{"line":33,"column":4},"end":{"line":33,"column":35}},"5":{"start":{"line":36,"column":4},"end":{"line":36,"column":33}},"6":{"start":{"line":39,"column":4},"end":{"line":39,"column":32}},"7":{"start":{"line":42,"column":4},"end":{"line":42,"column":35}},"8":{"start":{"line":45,"column":4},"end":{"line":45,"column":35}},"9":{"start":{"line":49,"column":4},"end":{"line":49,"column":1616}},"10":{"start":{"line":64,"column":4},"end":{"line":64,"column":62}},"11":{"start":{"line":70,"column":4},"end":{"line":70,"column":23}},"12":{"start":{"line":73,"column":4},"end":{"line":73,"column":54}},"13":{"start":{"line":74,"column":4},"end":{"line":74,"column":32}},"14":{"start":{"line":75,"column":4},"end":{"line":75,"column":23}},"15":{"start":{"line":76,"column":4},"end":{"line":76,"column":39}},"16":{"start":{"line":77,"column":4},"end":{"line":77,"column":29}},"17":{"start":{"line":79,"column":4},"end":{"line":79,"column":83}},"18":{"start":{"line":81,"column":4},"end":{"line":81,"column":22}},"19":{"start":{"line":86,"column":4},"end":{"line":86,"column":2831}},"20":{"start":{"line":87,"column":6},"end":{"line":87,"column":37}},"21":{"start":{"line":88,"column":11},"end":{"line":88,"column":2935}},"22":{"start":{"line":89,"column":6},"end":{"line":89,"column":36}},"23":{"start":{"line":93,"column":4},"end":{"line":93,"column":51}},"24":{"start":{"line":98,"column":4},"end":{"line":98,"column":89}},"25":{"start":{"line":99,"column":4},"end":{"line":99,"column":26}},"26":{"start":{"line":100,"column":4},"end":{"line":100,"column":47}},"27":{"start":{"line":101,"column":4},"end":{"line":101,"column":35}},"28":{"start":{"line":102,"column":4},"end":{"line":102,"column":39}},"29":{"start":{"line":106,"column":4},"end":{"line":106,"column":87}},"30":{"start":{"line":107,"column":4},"end":{"line":107,"column":26}},"31":{"start":{"line":108,"column":4},"end":{"line":108,"column":46}},"32":{"start":{"line":109,"column":4},"end":{"line":109,"column":34}},"33":{"start":{"line":110,"column":4},"end":{"line":110,"column":38}},"34":{"start":{"line":114,"column":4},"end":{"line":114,"column":93}},"35":{"start":{"line":115,"column":4},"end":{"line":115,"column":26}},"36":{"start":{"line":117,"column":4},"end":{"line":117,"column":39}},"37":{"start":{"line":122,"column":4},"end":{"line":122,"column":54}},"38":{"start":{"line":123,"column":4},"end":{"line":123,"column":92}},"39":{"start":{"line":124,"column":4},"end":{"line":124,"column":117}},"40":{"start":{"line":125,"column":4},"end":{"line":125,"column":36}},"41":{"start":{"line":126,"column":4},"end":{"line":126,"column":27}},"42":{"start":{"line":131,"column":4},"end":{"line":131,"column":103}},"43":{"start":{"line":132,"column":4},"end":{"line":132,"column":105}},"44":{"start":{"line":134,"column":4},"end":{"line":134,"column":46}},"45":{"start":{"line":135,"column":4},"end":{"line":135,"column":5210}},"46":{"start":{"line":136,"column":6},"end":{"line":136,"column":98}},"47":{"start":{"line":138,"column":6},"end":{"line":138,"column":100}},"48":{"start":{"line":139,"column":6},"end":{"line":139,"column":42}},"49":{"start":{"line":142,"column":4},"end":{"line":142,"column":110}},"50":{"start":{"line":143,"column":4},"end":{"line":143,"column":34}},"51":{"start":{"line":144,"column":4},"end":{"line":144,"column":30}},"52":{"start":{"line":148,"column":4},"end":{"line":148,"column":54}},"53":{"start":{"line":149,"column":4},"end":{"line":149,"column":63}},"54":{"start":{"line":150,"column":4},"end":{"line":150,"column":111}},"55":{"start":{"line":151,"column":4},"end":{"line":151,"column":62}},"56":{"start":{"line":152,"column":4},"end":{"line":152,"column":70}},"57":{"start":{"line":153,"column":4},"end":{"line":153,"column":28}},"58":{"start":{"line":154,"column":4},"end":{"line":154,"column":30}},"59":{"start":{"line":160,"column":4},"end":{"line":160,"column":98}},"60":{"start":{"line":163,"column":4},"end":{"line":163,"column":29}},"61":{"start":{"line":164,"column":4},"end":{"line":164,"column":30}}},"branchMap":{"1":{"line":64,"type":"if","locations":[{"start":{"line":64,"column":4},"end":{"line":64,"column":4}},{"start":{"line":64,"column":4},"end":{"line":64,"column":4}}]},"2":{"line":86,"type":"if","locations":[{"start":{"line":86,"column":4},"end":{"line":86,"column":4}},{"start":{"line":86,"column":4},"end":{"line":86,"column":4}}]},"3":{"line":88,"type":"if","locations":[{"start":{"line":88,"column":11},"end":{"line":88,"column":11}},{"start":{"line":88,"column":11},"end":{"line":88,"column":11}}]},"4":{"line":98,"type":"if","locations":[{"start":{"line":98,"column":4},"end":{"line":98,"column":4}},{"start":{"line":98,"column":4},"end":{"line":98,"column":4}}]},"5":{"line":106,"type":"if","locations":[{"start":{"line":106,"column":4},"end":{"line":106,"column":4}},{"start":{"line":106,"column":4},"end":{"line":106,"column":4}}]},"6":{"line":114,"type":"if","locations":[{"start":{"line":114,"column":4},"end":{"line":114,"column":4}},{"start":{"line":114,"column":4},"end":{"line":114,"column":4}}]},"7":{"line":123,"type":"if","locations":[{"start":{"line":123,"column":4},"end":{"line":123,"column":4}},{"start":{"line":123,"column":4},"end":{"line":123,"column":4}}]},"8":{"line":124,"type":"if","locations":[{"start":{"line":124,"column":4},"end":{"line":124,"column":4}},{"start":{"line":124,"column":4},"end":{"line":124,"column":4}}]},"9":{"line":131,"type":"if","locations":[{"start":{"line":131,"column":4},"end":{"line":131,"column":4}},{"start":{"line":131,"column":4},"end":{"line":131,"column":4}}]},"10":{"line":132,"type":"if","locations":[{"start":{"line":132,"column":4},"end":{"line":132,"column":4}},{"start":{"line":132,"column":4},"end":{"line":132,"column":4}}]},"11":{"line":136,"type":"if","locations":[{"start":{"line":136,"column":6},"end":{"line":136,"column":6}},{"start":{"line":136,"column":6},"end":{"line":136,"column":6}}]},"12":{"line":138,"type":"if","locations":[{"start":{"line":138,"column":6},"end":{"line":138,"column":6}},{"start":{"line":138,"column":6},"end":{"line":138,"column":6}}]},"13":{"line":142,"type":"if","locations":[{"start":{"line":142,"column":4},"end":{"line":142,"column":4}},{"start":{"line":142,"column":4},"end":{"line":142,"column":4}}]},"14":{"line":149,"type":"if","locations":[{"start":{"line":149,"column":4},"end":{"line":149,"column":4}},{"start":{"line":149,"column":4},"end":{"line":149,"column":4}}]},"15":{"line":150,"type":"if","locations":[{"start":{"line":150,"column":4},"end":{"line":150,"column":4}},{"start":{"line":150,"column":4},"end":{"line":150,"column":4}}]},"16":{"line":151,"type":"if","locations":[{"start":{"line":151,"column":4},"end":{"line":151,"column":4}},{"start":{"line":151,"column":4},"end":{"line":151,"column":4}}]},"17":{"line":152,"type":"if","locations":[{"start":{"line":152,"column":4},"end":{"line":152,"column":4}},{"start":{"line":152,"column":4},"end":{"line":152,"column":4}}]},"18":{"line":160,"type":"if","locations":[{"start":{"line":160,"column":4},"end":{"line":160,"column":4}},{"start":{"line":160,"column":4},"end":{"line":160,"column":4}}]}}},"contracts/interfaces/asset/IAsset.sol":{"l":{},"path":"/home/abstrucked/Dev/fabric/frabric-protocol/contracts/interfaces/asset/IAsset.sol","s":{},"b":{},"f":{},"fnMap":{},"statementMap":{},"branchMap":{}},"contracts/interfaces/asset/IAssetERC20.sol":{"l":{},"path":"/home/abstrucked/Dev/fabric/frabric-protocol/contracts/interfaces/asset/IAssetERC20.sol","s":{},"b":{},"f":{},"fnMap":{},"statementMap":{},"branchMap":{}},"contracts/interfaces/asset/IAssetWhitelist.sol":{"l":{},"path":"/home/abstrucked/Dev/fabric/frabric-protocol/contracts/interfaces/asset/IAssetWhitelist.sol","s":{},"b":{},"f":{},"fnMap":{},"statementMap":{},"branchMap":{}},"contracts/interfaces/asset/IIntegratedLimitOrderDex.sol":{"l":{},"path":"/home/abstrucked/Dev/fabric/frabric-protocol/contracts/interfaces/asset/IIntegratedLimitOrderDex.sol","s":{},"b":{},"f":{},"fnMap":{},"statementMap":{},"branchMap":{}},"contracts/interfaces/dao/IDao.sol":{"l":{},"path":"/home/abstrucked/Dev/fabric/frabric-protocol/contracts/interfaces/dao/IDao.sol","s":{},"b":{},"f":{},"fnMap":{},"statementMap":{},"branchMap":{}},"contracts/interfaces/lists/IGlobalWhitelist.sol":{"l":{},"path":"/home/abstrucked/Dev/fabric/frabric-protocol/contracts/interfaces/lists/IGlobalWhitelist.sol","s":{},"b":{},"f":{},"fnMap":{},"statementMap":{},"branchMap":{}},"contracts/interfaces/lists/IInfoWhitelist.sol":{"l":{},"path":"/home/abstrucked/Dev/fabric/frabric-protocol/contracts/interfaces/lists/IInfoWhitelist.sol","s":{},"b":{},"f":{},"fnMap":{},"statementMap":{},"branchMap":{}},"contracts/interfaces/lists/IWhitelist.sol":{"l":{},"path":"/home/abstrucked/Dev/fabric/frabric-protocol/contracts/interfaces/lists/IWhitelist.sol","s":{},"b":{},"f":{},"fnMap":{},"statementMap":{},"branchMap":{}},"contracts/interfaces/modifiers/IGloballyAccepted.sol":{"l":{},"path":"/home/abstrucked/Dev/fabric/frabric-protocol/contracts/interfaces/modifiers/IGloballyAccepted.sol","s":{},"b":{},"f":{},"fnMap":{},"statementMap":{},"branchMap":{}},"contracts/interfaces/modifiers/IOwnable.sol":{"l":{},"path":"/home/abstrucked/Dev/fabric/frabric-protocol/contracts/interfaces/modifiers/IOwnable.sol","s":{},"b":{},"f":{},"fnMap":{},"statementMap":{},"branchMap":{}},"contracts/interfaces/modifiers/IPausable.sol":{"l":{},"path":"/home/abstrucked/Dev/fabric/frabric-protocol/contracts/interfaces/modifiers/IPausable.sol","s":{},"b":{},"f":{},"fnMap":{},"statementMap":{},"branchMap":{}},"contracts/interfaces/platform/IAssetDeployer.sol":{"l":{},"path":"/home/abstrucked/Dev/fabric/frabric-protocol/contracts/interfaces/platform/IAssetDeployer.sol","s":{},"b":{},"f":{},"fnMap":{},"statementMap":{},"branchMap":{}},"contracts/interfaces/platform/IPlatform.sol":{"l":{},"path":"/home/abstrucked/Dev/fabric/frabric-protocol/contracts/interfaces/platform/IPlatform.sol","s":{},"b":{},"f":{},"fnMap":{},"statementMap":{},"branchMap":{}},"contracts/lists/GlobalWhitelist.sol":{"l":{"14":0,"18":0,"22":0},"path":"/home/abstrucked/Dev/fabric/frabric-protocol/contracts/lists/GlobalWhitelist.sol","s":{"1":0,"2":0,"3":0},"b":{},"f":{"1":0,"2":0,"3":0,"4":0},"fnMap":{"1":{"name":"constructor","line":11,"loc":{"start":{"line":11,"column":2},"end":{"line":11,"column":33}}},"2":{"name":"global","line":13,"loc":{"start":{"line":13,"column":2},"end":{"line":15,"column":2}}},"3":{"name":"whitelisted","line":17,"loc":{"start":{"line":17,"column":2},"end":{"line":19,"column":2}}},"4":{"name":"explicitlyWhitelisted","line":21,"loc":{"start":{"line":21,"column":2},"end":{"line":23,"column":2}}}},"statementMap":{"1":{"start":{"line":14,"column":4},"end":{"line":14,"column":36}},"2":{"start":{"line":18,"column":4},"end":{"line":18,"column":56}},"3":{"start":{"line":22,"column":4},"end":{"line":22,"column":44}}},"branchMap":{}},"contracts/lists/InfoWhitelist.sol":{"l":{"20":0,"21":0,"22":0,"26":0,"33":0},"path":"/home/abstrucked/Dev/fabric/frabric-protocol/contracts/lists/InfoWhitelist.sol","s":{"1":0,"2":0,"3":0,"4":0,"5":0},"b":{},"f":{"1":0,"2":0,"3":0,"4":0},"fnMap":{"1":{"name":"constructor","line":16,"loc":{"start":{"line":16,"column":2},"end":{"line":16,"column":17}}},"2":{"name":"_setWhitelisted","line":19,"loc":{"start":{"line":19,"column":2},"end":{"line":23,"column":2}}},"3":{"name":"whitelisted","line":25,"loc":{"start":{"line":25,"column":2},"end":{"line":27,"column":2}}},"4":{"name":"getInfoHash","line":32,"loc":{"start":{"line":32,"column":2},"end":{"line":34,"column":2}}}},"statementMap":{"1":{"start":{"line":20,"column":4},"end":{"line":20,"column":32}},"2":{"start":{"line":21,"column":4},"end":{"line":21,"column":56}},"3":{"start":{"line":22,"column":4},"end":{"line":22,"column":37}},"4":{"start":{"line":26,"column":4},"end":{"line":26,"column":43}},"5":{"start":{"line":33,"column":4},"end":{"line":33,"column":29}}},"branchMap":{}},"contracts/Migrations.sol":{"l":{"9":0,"13":0,"17":0},"path":"/home/abstrucked/Dev/fabric/frabric-protocol/contracts/Migrations.sol","s":{"1":0,"2":0},"b":{"1":[0,0]},"f":{"1":0,"2":0},"fnMap":{"1":{"name":"restricted","line":8,"loc":{"start":{"line":8,"column":2},"end":{"line":14,"column":2}}},"2":{"name":"setCompleted","line":16,"loc":{"start":{"line":16,"column":2},"end":{"line":18,"column":2}}}},"statementMap":{"1":{"start":{"line":9,"column":4},"end":{"line":9,"column":201}},"2":{"start":{"line":17,"column":4},"end":{"line":17,"column":39}}},"branchMap":{"1":{"line":9,"type":"if","locations":[{"start":{"line":9,"column":4},"end":{"line":9,"column":4}},{"start":{"line":9,"column":4},"end":{"line":9,"column":4}}]}}},"contracts/modifiers/GloballyAccepted.sol":{"l":{"13":0,"14":0,"18":0,"24":0,"25":0},"path":"/home/abstrucked/Dev/fabric/frabric-protocol/contracts/modifiers/GloballyAccepted.sol","s":{"1":0,"2":0,"3":0,"4":0},"b":{"1":[0,0]},"f":{"1":0,"2":0,"3":0,"4":0},"fnMap":{"1":{"name":"constructor","line":10,"loc":{"start":{"line":10,"column":2},"end":{"line":10,"column":17}}},"2":{"name":"_globallyAccept","line":12,"loc":{"start":{"line":12,"column":2},"end":{"line":15,"column":2}}},"3":{"name":"global","line":17,"loc":{"start":{"line":17,"column":2},"end":{"line":19,"column":2}}},"4":{"name":"globallyAccepted","line":23,"loc":{"start":{"line":23,"column":2},"end":{"line":26,"column":2}}}},"statementMap":{"1":{"start":{"line":13,"column":4},"end":{"line":13,"column":17}},"2":{"start":{"line":14,"column":4},"end":{"line":14,"column":27}},"3":{"start":{"line":18,"column":4},"end":{"line":18,"column":18}},"4":{"start":{"line":24,"column":4},"end":{"line":24,"column":78}}},"branchMap":{"1":{"line":24,"type":"if","locations":[{"start":{"line":24,"column":4},"end":{"line":24,"column":4}},{"start":{"line":24,"column":4},"end":{"line":24,"column":4}}]}}},"contracts/modifiers/Ownable.sol":{"l":{"10":0,"11":0,"15":0,"19":0,"20":0,"24":0,"25":0,"29":0,"30":0,"31":0,"35":0},"path":"/home/abstrucked/Dev/fabric/frabric-protocol/contracts/modifiers/Ownable.sol","s":{"1":0,"2":0,"3":0,"4":0,"5":0,"6":0,"7":0,"8":0,"9":0,"10":0},"b":{"1":[0,0],"2":[0,0]},"f":{"1":0,"2":0,"3":0,"4":0,"5":0,"6":0},"fnMap":{"1":{"name":"constructor","line":9,"loc":{"start":{"line":9,"column":4},"end":{"line":12,"column":4}}},"2":{"name":"owner","line":14,"loc":{"start":{"line":14,"column":4},"end":{"line":16,"column":4}}},"3":{"name":"onlyOwner","line":18,"loc":{"start":{"line":18,"column":4},"end":{"line":21,"column":4}}},"4":{"name":"renounceOwnership","line":23,"loc":{"start":{"line":23,"column":4},"end":{"line":26,"column":4}}},"5":{"name":"_transferOwnership","line":28,"loc":{"start":{"line":28,"column":4},"end":{"line":32,"column":4}}},"6":{"name":"transferOwnership","line":34,"loc":{"start":{"line":34,"column":4},"end":{"line":36,"column":4}}}},"statementMap":{"1":{"start":{"line":10,"column":6},"end":{"line":10,"column":24}},"2":{"start":{"line":11,"column":6},"end":{"line":11,"column":55}},"3":{"start":{"line":15,"column":6},"end":{"line":15,"column":19}},"4":{"start":{"line":19,"column":6},"end":{"line":19,"column":67}},"5":{"start":{"line":24,"column":6},"end":{"line":24,"column":24}},"6":{"start":{"line":25,"column":8},"end":{"line":25,"column":53}},"7":{"start":{"line":29,"column":6},"end":{"line":29,"column":78}},"8":{"start":{"line":30,"column":6},"end":{"line":30,"column":49}},"9":{"start":{"line":31,"column":6},"end":{"line":31,"column":22}},"10":{"start":{"line":35,"column":6},"end":{"line":35,"column":33}}},"branchMap":{"1":{"line":19,"type":"if","locations":[{"start":{"line":19,"column":6},"end":{"line":19,"column":6}},{"start":{"line":19,"column":6},"end":{"line":19,"column":6}}]},"2":{"line":29,"type":"if","locations":[{"start":{"line":29,"column":6},"end":{"line":29,"column":6}},{"start":{"line":29,"column":6},"end":{"line":29,"column":6}}]}}},"contracts/modifiers/Pausable.sol":{"l":{"10":0,"14":0,"15":0,"19":0,"20":0,"24":0,"25":0,"29":0,"30":0},"path":"/home/abstrucked/Dev/fabric/frabric-protocol/contracts/modifiers/Pausable.sol","s":{"1":0,"2":0,"3":0,"4":0,"5":0,"6":0,"7":0},"b":{"1":[0,0],"2":[0,0]},"f":{"1":0,"2":0,"3":0,"4":0,"5":0},"fnMap":{"1":{"name":"paused","line":9,"loc":{"start":{"line":9,"column":2},"end":{"line":11,"column":2}}},"2":{"name":"whenNotPaused","line":13,"loc":{"start":{"line":13,"column":2},"end":{"line":16,"column":2}}},"3":{"name":"whenPaused","line":18,"loc":{"start":{"line":18,"column":2},"end":{"line":21,"column":2}}},"4":{"name":"_pause","line":23,"loc":{"start":{"line":23,"column":2},"end":{"line":26,"column":2}}},"5":{"name":"_unpause","line":28,"loc":{"start":{"line":28,"column":2},"end":{"line":31,"column":2}}}},"statementMap":{"1":{"start":{"line":10,"column":4},"end":{"line":10,"column":18}},"2":{"start":{"line":14,"column":4},"end":{"line":14,"column":52}},"3":{"start":{"line":19,"column":4},"end":{"line":19,"column":54}},"4":{"start":{"line":24,"column":4},"end":{"line":24,"column":17}},"5":{"start":{"line":25,"column":4},"end":{"line":25,"column":27}},"6":{"start":{"line":29,"column":4},"end":{"line":29,"column":18}},"7":{"start":{"line":30,"column":4},"end":{"line":30,"column":29}}},"branchMap":{"1":{"line":14,"type":"if","locations":[{"start":{"line":14,"column":4},"end":{"line":14,"column":4}},{"start":{"line":14,"column":4},"end":{"line":14,"column":4}}]},"2":{"line":19,"type":"if","locations":[{"start":{"line":19,"column":4},"end":{"line":19,"column":4}},{"start":{"line":19,"column":4},"end":{"line":19,"column":4}}]}}},"contracts/platform/AssetDeployer.sol":{"l":{"9":0},"path":"/home/abstrucked/Dev/fabric/frabric-protocol/contracts/platform/AssetDeployer.sol","s":{"1":0},"b":{},"f":{"1":0},"fnMap":{"1":{"name":"deploy","line":8,"loc":{"start":{"line":8,"column":2},"end":{"line":10,"column":2}}}},"statementMap":{"1":{"start":{"line":9,"column":4},"end":{"line":9,"column":70}}},"branchMap":{}},"contracts/platform/Platform.sol":{"l":{"21":0,"25":0,"26":0,"27":0,"28":0,"32":0,"33":0,"34":0,"38":0,"39":0,"44":0,"45":0,"46":0,"50":0,"55":0,"59":0,"64":0,"65":0},"path":"/home/abstrucked/Dev/fabric/frabric-protocol/contracts/platform/Platform.sol","s":{"1":0,"2":0,"3":0,"4":0,"5":0,"6":0,"7":0,"8":0,"9":0,"10":0,"11":0,"12":0,"13":0,"14":0,"15":0,"16":0},"b":{"1":[0,0]},"f":{"1":0,"2":0,"3":0,"4":0,"5":0,"6":0,"7":0,"8":0,"9":0,"10":0},"fnMap":{"1":{"name":"constructor","line":18,"loc":{"start":{"line":18,"column":2},"end":{"line":18,"column":89}}},"2":{"name":"setWhitelisted","line":20,"loc":{"start":{"line":20,"column":2},"end":{"line":22,"column":2}}},"3":{"name":"createNFT","line":24,"loc":{"start":{"line":24,"column":2},"end":{"line":29,"column":2}}},"4":{"name":"addAssetDeployer","line":31,"loc":{"start":{"line":31,"column":2},"end":{"line":35,"column":2}}},"5":{"name":"removeAssetDeployer","line":37,"loc":{"start":{"line":37,"column":2},"end":{"line":40,"column":2}}},"6":{"name":"deployAsset","line":43,"loc":{"start":{"line":42,"column":2},"end":{"line":47,"column":2}}},"7":{"name":"proposePaper","line":49,"loc":{"start":{"line":49,"column":2},"end":{"line":51,"column":2}}},"8":{"name":"proposePlatformChange","line":54,"loc":{"start":{"line":53,"column":2},"end":{"line":56,"column":2}}},"9":{"name":"proposeOracleChange","line":58,"loc":{"start":{"line":58,"column":2},"end":{"line":60,"column":2}}},"10":{"name":"proposeDissolution","line":63,"loc":{"start":{"line":62,"column":2},"end":{"line":66,"column":2}}}},"statementMap":{"1":{"start":{"line":21,"column":4},"end":{"line":21,"column":36}},"2":{"start":{"line":25,"column":4},"end":{"line":25,"column":32}},"3":{"start":{"line":26,"column":4},"end":{"line":26,"column":34}},"4":{"start":{"line":28,"column":4},"end":{"line":28,"column":21}},"5":{"start":{"line":32,"column":4},"end":{"line":32,"column":61}},"6":{"start":{"line":33,"column":4},"end":{"line":33,"column":53}},"7":{"start":{"line":38,"column":4},"end":{"line":38,"column":57}},"8":{"start":{"line":39,"column":4},"end":{"line":39,"column":40}},"9":{"start":{"line":44,"column":4},"end":{"line":44,"column":96}},"10":{"start":{"line":45,"column":4},"end":{"line":45,"column":72}},"11":{"start":{"line":46,"column":4},"end":{"line":46,"column":68}},"12":{"start":{"line":50,"column":4},"end":{"line":50,"column":43}},"13":{"start":{"line":55,"column":4},"end":{"line":55,"column":70}},"14":{"start":{"line":59,"column":4},"end":{"line":59,"column":61}},"15":{"start":{"line":64,"column":4},"end":{"line":64,"column":72}},"16":{"start":{"line":65,"column":4},"end":{"line":65,"column":83}}},"branchMap":{"1":{"line":44,"type":"if","locations":[{"start":{"line":44,"column":4},"end":{"line":44,"column":4}},{"start":{"line":44,"column":4},"end":{"line":44,"column":4}}]}}},"contracts/test/ERC20.sol":{"l":{"8":2},"path":"/home/abstrucked/Dev/fabric/frabric-protocol/contracts/test/ERC20.sol","s":{"1":2},"b":{},"f":{"1":2},"fnMap":{"1":{"name":"constructor","line":7,"loc":{"start":{"line":7,"column":2},"end":{"line":9,"column":2}}}},"statementMap":{"1":{"start":{"line":8,"column":4},"end":{"line":8,"column":26}}},"branchMap":{}},"contracts/test/ERC721Issuer.sol":{"l":{"10":0},"path":"/home/abstrucked/Dev/fabric/frabric-protocol/contracts/test/ERC721Issuer.sol","s":{"1":0},"b":{},"f":{"1":0,"2":0},"fnMap":{"1":{"name":"constructor","line":7,"loc":{"start":{"line":7,"column":2},"end":{"line":7,"column":45}}},"2":{"name":"mint","line":9,"loc":{"start":{"line":9,"column":2},"end":{"line":11,"column":2}}}},"statementMap":{"1":{"start":{"line":10,"column":6},"end":{"line":10,"column":27}}},"branchMap":{}},"contracts/test/StubbedDao.sol":{"l":{"47":5,"48":5,"49":5,"50":5,"54":5,"57":5,"61":3,"62":3,"63":3,"68":0,"69":0,"70":0,"71":0,"76":0,"77":0,"78":0,"79":0,"84":2,"85":2,"86":2,"87":2,"88":2,"89":2,"93":0,"97":1,"100":0,"103":0,"110":0,"111":0,"114":0,"119":0,"120":0,"121":0,"122":0,"123":0,"125":0,"130":1,"133":1,"134":0,"138":1,"139":1,"144":0,"148":0,"149":0,"152":0,"155":0,"158":0,"183":6,"184":0,"187":6,"188":1,"189":1,"191":1,"194":6,"195":6,"197":6,"202":1,"204":1,"205":0,"209":1,"212":1,"213":1,"215":1},"path":"/home/abstrucked/Dev/fabric/frabric-protocol/contracts/test/StubbedDao.sol","s":{"1":5,"2":5,"3":5,"4":5,"5":5,"6":3,"7":3,"8":3,"9":0,"10":0,"11":0,"12":0,"13":0,"14":0,"15":0,"16":0,"17":2,"18":2,"19":2,"20":2,"21":2,"22":2,"23":0,"24":1,"25":0,"26":0,"27":0,"28":0,"29":0,"30":0,"31":0,"32":0,"33":0,"34":0,"35":0,"36":1,"37":1,"38":0,"39":1,"40":1,"41":0,"42":0,"43":0,"44":0,"45":0,"46":0,"47":6,"48":0,"49":6,"50":1,"51":1,"52":1,"53":6,"54":6,"55":6,"56":1,"57":1,"58":0,"59":1,"60":1,"61":1,"62":1},"b":{"1":[5,0],"2":[2,0],"3":[0,0],"4":[0,0],"5":[1,0],"6":[0,1],"7":[1,0],"8":[0,0],"9":[0,6],"10":[1,5],"11":[1,0],"12":[6,0],"13":[1,0],"14":[0,1],"15":[0,0],"16":[1,0],"17":[1,0]},"f":{"1":5,"2":5,"3":3,"4":0,"5":0,"6":2,"7":0,"8":1,"9":0,"10":0,"11":0,"12":0,"13":1,"14":6,"15":1},"fnMap":{"1":{"name":"constructor","line":46,"loc":{"start":{"line":46,"column":4},"end":{"line":51,"column":4}}},"2":{"name":"beforeProposal","line":53,"loc":{"start":{"line":53,"column":4},"end":{"line":58,"column":4}}},"3":{"name":"proposePaper","line":60,"loc":{"start":{"line":60,"column":4},"end":{"line":64,"column":4}}},"4":{"name":"proposePlatformChange","line":67,"loc":{"start":{"line":66,"column":4},"end":{"line":72,"column":4}}},"5":{"name":"proposeOracleChange","line":75,"loc":{"start":{"line":74,"column":4},"end":{"line":80,"column":4}}},"6":{"name":"proposeDissolution","line":83,"loc":{"start":{"line":82,"column":4},"end":{"line":90,"column":4}}},"7":{"name":"getProposalVoteHeight","line":92,"loc":{"start":{"line":92,"column":4},"end":{"line":94,"column":4}}},"8":{"name":"voteYes","line":96,"loc":{"start":{"line":96,"column":4},"end":{"line":98,"column":4}}},"9":{"name":"voteNo","line":99,"loc":{"start":{"line":99,"column":4},"end":{"line":101,"column":4}}},"10":{"name":"abstain","line":102,"loc":{"start":{"line":102,"column":4},"end":{"line":104,"column":4}}},"11":{"name":"passProposal","line":106,"loc":{"start":{"line":106,"column":4},"end":{"line":115,"column":4}}},"12":{"name":"cancelProposal","line":118,"loc":{"start":{"line":118,"column":4},"end":{"line":126,"column":4}}},"13":{"name":"balanceOfAtHeight","line":128,"loc":{"start":{"line":128,"column":4},"end":{"line":159,"column":4}}},"14":{"name":"_beforeTokenTransfer","line":181,"loc":{"start":{"line":181,"column":4},"end":{"line":198,"column":4}}},"15":{"name":"reclaimDissolutionFunds","line":200,"loc":{"start":{"line":200,"column":4},"end":{"line":216,"column":4}}}},"statementMap":{"1":{"start":{"line":47,"column":8},"end":{"line":47,"column":30}},"2":{"start":{"line":48,"column":8},"end":{"line":48,"column":59}},"3":{"start":{"line":49,"column":8},"end":{"line":49,"column":17}},"4":{"start":{"line":50,"column":8},"end":{"line":50,"column":61}},"5":{"start":{"line":54,"column":8},"end":{"line":54,"column":1808}},"6":{"start":{"line":61,"column":8},"end":{"line":61,"column":94}},"7":{"start":{"line":62,"column":8},"end":{"line":62,"column":44}},"8":{"start":{"line":63,"column":8},"end":{"line":63,"column":17}},"9":{"start":{"line":68,"column":8},"end":{"line":68,"column":85}},"10":{"start":{"line":69,"column":8},"end":{"line":69,"column":44}},"11":{"start":{"line":70,"column":8},"end":{"line":70,"column":59}},"12":{"start":{"line":71,"column":8},"end":{"line":71,"column":49}},"13":{"start":{"line":76,"column":8},"end":{"line":76,"column":85}},"14":{"start":{"line":77,"column":8},"end":{"line":77,"column":44}},"15":{"start":{"line":78,"column":8},"end":{"line":78,"column":36}},"16":{"start":{"line":79,"column":8},"end":{"line":79,"column":48}},"17":{"start":{"line":84,"column":8},"end":{"line":84,"column":69}},"18":{"start":{"line":85,"column":8},"end":{"line":85,"column":85}},"19":{"start":{"line":86,"column":8},"end":{"line":86,"column":44}},"20":{"start":{"line":87,"column":8},"end":{"line":87,"column":82}},"21":{"start":{"line":88,"column":8},"end":{"line":88,"column":76}},"22":{"start":{"line":89,"column":8},"end":{"line":89,"column":70}},"23":{"start":{"line":93,"column":8},"end":{"line":93,"column":37}},"24":{"start":{"line":97,"column":8},"end":{"line":97,"column":74}},"25":{"start":{"line":100,"column":8},"end":{"line":100,"column":73}},"26":{"start":{"line":103,"column":8},"end":{"line":103,"column":74}},"27":{"start":{"line":110,"column":8},"end":{"line":110,"column":4467}},"28":{"start":{"line":111,"column":12},"end":{"line":111,"column":93}},"29":{"start":{"line":114,"column":8},"end":{"line":114,"column":40}},"30":{"start":{"line":119,"column":8},"end":{"line":119,"column":63}},"31":{"start":{"line":120,"column":8},"end":{"line":120,"column":63}},"32":{"start":{"line":121,"column":8},"end":{"line":121,"column":5007}},"33":{"start":{"line":122,"column":12},"end":{"line":122,"column":79}},"34":{"start":{"line":123,"column":12},"end":{"line":123,"column":47}},"35":{"start":{"line":125,"column":8},"end":{"line":125,"column":56}},"36":{"start":{"line":130,"column":8},"end":{"line":130,"column":97}},"37":{"start":{"line":133,"column":8},"end":{"line":133,"column":5627}},"38":{"start":{"line":134,"column":12},"end":{"line":134,"column":20}},"39":{"start":{"line":138,"column":8},"end":{"line":138,"column":5800}},"40":{"start":{"line":139,"column":12},"end":{"line":139,"column":80}},"41":{"start":{"line":144,"column":8},"end":{"line":144,"column":54}},"42":{"start":{"line":148,"column":8},"end":{"line":148,"column":6401}},"43":{"start":{"line":149,"column":12},"end":{"line":149,"column":6520}},"44":{"start":{"line":152,"column":16},"end":{"line":152,"column":57}},"45":{"start":{"line":155,"column":16},"end":{"line":155,"column":24}},"46":{"start":{"line":158,"column":8},"end":{"line":158,"column":46}},"47":{"start":{"line":183,"column":8},"end":{"line":183,"column":8023}},"48":{"start":{"line":184,"column":12},"end":{"line":184,"column":18}},"49":{"start":{"line":187,"column":8},"end":{"line":187,"column":8080}},"50":{"start":{"line":188,"column":12},"end":{"line":188,"column":8122}},"51":{"start":{"line":189,"column":16},"end":{"line":189,"column":67}},"52":{"start":{"line":191,"column":12},"end":{"line":191,"column":95}},"53":{"start":{"line":194,"column":8},"end":{"line":194,"column":8436}},"54":{"start":{"line":195,"column":12},"end":{"line":195,"column":61}},"55":{"start":{"line":197,"column":8},"end":{"line":197,"column":85}},"56":{"start":{"line":202,"column":8},"end":{"line":202,"column":78}},"57":{"start":{"line":204,"column":8},"end":{"line":204,"column":8983}},"58":{"start":{"line":205,"column":12},"end":{"line":205,"column":87}},"59":{"start":{"line":209,"column":8},"end":{"line":209,"column":91}},"60":{"start":{"line":212,"column":8},"end":{"line":212,"column":87}},"61":{"start":{"line":213,"column":8},"end":{"line":213,"column":40}},"62":{"start":{"line":215,"column":8},"end":{"line":215,"column":107}}},"branchMap":{"1":{"line":54,"type":"if","locations":[{"start":{"line":54,"column":8},"end":{"line":54,"column":8}},{"start":{"line":54,"column":8},"end":{"line":54,"column":8}}]},"2":{"line":84,"type":"if","locations":[{"start":{"line":84,"column":8},"end":{"line":84,"column":8}},{"start":{"line":84,"column":8},"end":{"line":84,"column":8}}]},"3":{"line":110,"type":"if","locations":[{"start":{"line":110,"column":8},"end":{"line":110,"column":8}},{"start":{"line":110,"column":8},"end":{"line":110,"column":8}}]},"4":{"line":111,"type":"if","locations":[{"start":{"line":111,"column":12},"end":{"line":111,"column":12}},{"start":{"line":111,"column":12},"end":{"line":111,"column":12}}]},"5":{"line":130,"type":"if","locations":[{"start":{"line":130,"column":8},"end":{"line":130,"column":8}},{"start":{"line":130,"column":8},"end":{"line":130,"column":8}}]},"6":{"line":133,"type":"if","locations":[{"start":{"line":133,"column":8},"end":{"line":133,"column":8}},{"start":{"line":133,"column":8},"end":{"line":133,"column":8}}]},"7":{"line":138,"type":"if","locations":[{"start":{"line":138,"column":8},"end":{"line":138,"column":8}},{"start":{"line":138,"column":8},"end":{"line":138,"column":8}}]},"8":{"line":149,"type":"if","locations":[{"start":{"line":149,"column":12},"end":{"line":149,"column":12}},{"start":{"line":149,"column":12},"end":{"line":149,"column":12}}]},"9":{"line":183,"type":"if","locations":[{"start":{"line":183,"column":8},"end":{"line":183,"column":8}},{"start":{"line":183,"column":8},"end":{"line":183,"column":8}}]},"10":{"line":187,"type":"if","locations":[{"start":{"line":187,"column":8},"end":{"line":187,"column":8}},{"start":{"line":187,"column":8},"end":{"line":187,"column":8}}]},"11":{"line":188,"type":"if","locations":[{"start":{"line":188,"column":12},"end":{"line":188,"column":12}},{"start":{"line":188,"column":12},"end":{"line":188,"column":12}}]},"12":{"line":194,"type":"if","locations":[{"start":{"line":194,"column":8},"end":{"line":194,"column":8}},{"start":{"line":194,"column":8},"end":{"line":194,"column":8}}]},"13":{"line":202,"type":"if","locations":[{"start":{"line":202,"column":8},"end":{"line":202,"column":8}},{"start":{"line":202,"column":8},"end":{"line":202,"column":8}}]},"14":{"line":204,"type":"if","locations":[{"start":{"line":204,"column":8},"end":{"line":204,"column":8}},{"start":{"line":204,"column":8},"end":{"line":204,"column":8}}]},"15":{"line":205,"type":"if","locations":[{"start":{"line":205,"column":12},"end":{"line":205,"column":12}},{"start":{"line":205,"column":12},"end":{"line":205,"column":12}}]},"16":{"line":209,"type":"if","locations":[{"start":{"line":209,"column":8},"end":{"line":209,"column":8}},{"start":{"line":209,"column":8},"end":{"line":209,"column":8}}]},"17":{"line":212,"type":"if","locations":[{"start":{"line":212,"column":8},"end":{"line":212,"column":8}},{"start":{"line":212,"column":8},"end":{"line":212,"column":8}}]}}},"contracts/test/StubbedDex.sol":{"l":{"10":1},"path":"/home/abstrucked/Dev/fabric/frabric-protocol/contracts/test/StubbedDex.sol","s":{"1":1},"b":{},"f":{"1":1},"fnMap":{"1":{"name":"constructor","line":9,"loc":{"start":{"line":9,"column":2},"end":{"line":11,"column":2}}}},"statementMap":{"1":{"start":{"line":10,"column":4},"end":{"line":10,"column":26}}},"branchMap":{}}}