TN:
SF:/home/abstrucked/Dev/fabric/frabric-protocol/contracts/asset/Asset.sol
FN:39,constructor
FN:44,beforeProposal
FN:51,proposePaper
FN:58,proposePlatformChange
FN:66,proposeOracleChange
FN:74,proposeDissolution
FN:83,voteYes
FN:86,voteNo
FN:89,abstain
FN:93,passProposal
FN:104,cancelProposal
FN:114,enactProposal
FN:134,reclaimDissolutionFunds
FNF:13
FNH:0
FNDA:0,constructor
FNDA:0,beforeProposal
FNDA:0,proposePaper
FNDA:0,proposePlatformChange
FNDA:0,proposeOracleChange
FNDA:0,proposeDissolution
FNDA:0,voteYes
FNDA:0,voteNo
FNDA:0,abstain
FNDA:0,passProposal
FNDA:0,cancelProposal
FNDA:0,enactProposal
FNDA:0,reclaimDissolutionFunds
DA:40,0
DA:41,0
DA:45,0
DA:48,0
DA:52,0
DA:53,0
DA:54,0
DA:59,0
DA:60,0
DA:61,0
DA:62,0
DA:67,0
DA:68,0
DA:69,0
DA:70,0
DA:75,0
DA:76,0
DA:77,0
DA:78,0
DA:79,0
DA:80,0
DA:84,0
DA:87,0
DA:90,0
DA:97,0
DA:98,0
DA:100,0
DA:105,0
DA:106,0
DA:107,0
DA:108,0
DA:109,0
DA:111,0
DA:115,0
DA:117,0
DA:118,0
DA:119,0
DA:120,0
DA:121,0
DA:123,0
DA:124,0
DA:126,0
DA:127,0
DA:128,0
DA:129,0
DA:130,0
DA:136,0
DA:138,0
DA:139,0
DA:143,0
DA:146,0
DA:147,0
DA:150,0
LF:53
LH:0
BRDA:45,1,0,0
BRDA:45,1,1,0
BRDA:75,2,0,0
BRDA:75,2,1,0
BRDA:97,3,0,0
BRDA:97,3,1,0
BRDA:98,4,0,0
BRDA:98,4,1,0
BRDA:117,5,0,0
BRDA:117,5,1,0
BRDA:122,6,0,0
BRDA:122,6,1,0
BRDA:125,7,0,0
BRDA:125,7,1,0
BRDA:136,8,0,0
BRDA:136,8,1,0
BRDA:138,9,0,0
BRDA:138,9,1,0
BRDA:139,10,0,0
BRDA:139,10,1,0
BRDA:143,11,0,0
BRDA:143,11,1,0
BRDA:146,12,0,0
BRDA:146,12,1,0
BRF:24
BRH:0
end_of_record
TN:
SF:/home/abstrucked/Dev/fabric/frabric-protocol/contracts/asset/AssetERC20.sol
FN:42,constructor
FN:48,decimals
FN:52,onERC721Received
FN:73,setWhitelisted
FN:77,globallyAccept
FN:81,pause
FN:85,unpause
FN:90,balanceOfAtHeight
FN:123,_beforeTokenTransfer
FN:144,_distribute
FN:149,distribute
FN:154,claim
FNF:12
FNH:0
FNDA:0,constructor
FNDA:0,decimals
FNDA:0,onERC721Received
FNDA:0,setWhitelisted
FNDA:0,globallyAccept
FNDA:0,pause
FNDA:0,unpause
FNDA:0,balanceOfAtHeight
FNDA:0,_beforeTokenTransfer
FNDA:0,_distribute
FNDA:0,distribute
FNDA:0,claim
DA:43,0
DA:44,0
DA:45,0
DA:49,0
DA:54,0
DA:55,0
DA:57,0
DA:58,0
DA:59,0
DA:60,0
DA:63,0
DA:65,0
DA:67,0
DA:70,0
DA:74,0
DA:78,0
DA:82,0
DA:86,0
DA:87,0
DA:92,0
DA:95,0
DA:96,0
DA:100,0
DA:101,0
DA:106,0
DA:110,0
DA:111,0
DA:114,0
DA:117,0
DA:120,0
DA:124,0
DA:127,0
DA:128,0
DA:131,0
DA:132,0
DA:133,0
DA:135,0
DA:138,0
DA:139,0
DA:141,0
DA:145,0
DA:146,0
DA:150,0
DA:151,0
DA:155,0
DA:156,0
DA:159,0
DA:160,0
DA:161,0
DA:162,0
LF:50
LH:0
BRDA:54,1,0,0
BRDA:54,1,1,0
BRDA:55,2,0,0
BRDA:55,2,1,0
BRDA:63,3,0,0
BRDA:63,3,1,0
BRDA:86,4,0,0
BRDA:86,4,1,0
BRDA:92,5,0,0
BRDA:92,5,1,0
BRDA:95,6,0,0
BRDA:95,6,1,0
BRDA:100,7,0,0
BRDA:100,7,1,0
BRDA:111,8,0,0
BRDA:111,8,1,0
BRDA:124,9,0,0
BRDA:124,9,1,0
BRDA:127,10,0,0
BRDA:127,10,1,0
BRDA:131,11,0,0
BRDA:131,11,1,0
BRDA:132,12,0,0
BRDA:132,12,1,0
BRDA:138,13,0,0
BRDA:138,13,1,0
BRDA:155,14,0,0
BRDA:155,14,1,0
BRDA:160,15,0,0
BRDA:160,15,1,0
BRF:30
BRH:0
end_of_record
TN:
SF:/home/abstrucked/Dev/fabric/frabric-protocol/contracts/asset/AssetWhitelist.sol
FN:12,_setParentWhitelist
FN:17,constructor
FN:21,parentWhitelist
FN:25,whitelisted
FNF:4
FNH:0
FNDA:0,_setParentWhitelist
FNDA:0,constructor
FNDA:0,parentWhitelist
FNDA:0,whitelisted
DA:13,0
DA:14,0
DA:18,0
DA:22,0
DA:26,0
LF:5
LH:0
BRF:0
BRH:0
end_of_record
TN:
SF:/home/abstrucked/Dev/fabric/frabric-protocol/contracts/asset/IntegratedLimitOrderDex.sol
FN:33,fill
FN:102,buy
FN:131,sell
FN:157,cancelOrder
FN:178,withdraw
FN:185,getOrderType
FN:189,getOrderQuantity
FN:193,getOrderHolder
FN:197,getOrderAmount
FN:201,getEthBalance
FNF:10
FNH:5
FNDA:8,fill
FNDA:16,buy
FNDA:8,sell
FNDA:0,cancelOrder
FNDA:0,withdraw
FNDA:0,getOrderType
FNDA:6,getOrderQuantity
FNDA:0,getOrderHolder
FNDA:0,getOrderAmount
FNDA:3,getEthBalance
DA:35,8
DA:36,8
DA:37,8
DA:38,18
DA:39,18
DA:40,4
DA:42,18
DA:43,18
DA:44,18
DA:46,18
DA:49,9
DA:53,9
DA:58,8
DA:59,6
DA:61,2
DA:65,8
DA:69,8
DA:72,4
DA:73,4
DA:75,0
DA:79,4
DA:80,3
DA:83,3
DA:84,10
DA:90,1
DA:91,4
DA:92,1
DA:94,4
DA:98,4
DA:103,16
DA:104,16
DA:105,16
DA:107,16
DA:108,16
DA:109,2
DA:110,2
DA:111,2
DA:112,2
DA:114,8
DA:115,8
DA:117,6
DA:120,6
DA:121,1
DA:122,1
DA:123,1
DA:124,1
DA:127,0
DA:132,8
DA:133,8
DA:134,8
DA:136,8
DA:137,8
DA:138,3
DA:139,3
DA:140,3
DA:141,3
DA:143,2
DA:144,2
DA:145,0
DA:146,0
DA:147,0
DA:148,0
DA:151,3
DA:153,0
DA:158,0
DA:159,0
DA:161,0
DA:163,0
DA:164,0
DA:166,0
DA:168,0
DA:172,0
DA:173,0
DA:175,0
DA:179,0
DA:180,0
DA:181,0
DA:182,0
DA:186,0
DA:190,6
DA:194,0
DA:198,0
DA:202,3
LF:83
LH:59
BRDA:39,1,0,4
BRDA:39,1,1,14
BRDA:46,2,0,9
BRDA:46,2,1,9
BRDA:58,3,0,6
BRDA:58,3,1,2
BRDA:69,4,0,4
BRDA:69,4,1,4
BRDA:72,5,0,4
BRDA:72,5,1,0
BRDA:79,6,0,3
BRDA:79,6,1,1
BRDA:91,7,0,1
BRDA:91,7,1,3
BRDA:103,8,0,16
BRDA:103,8,1,0
BRDA:104,9,0,16
BRDA:104,9,1,0
BRDA:105,10,0,16
BRDA:105,10,1,0
BRDA:108,11,0,2
BRDA:108,11,1,14
BRDA:113,12,0,8
BRDA:113,12,1,6
BRDA:116,13,0,6
BRDA:116,13,1,0
BRDA:120,14,0,1
BRDA:120,14,1,5
BRDA:127,15,0,0
BRDA:127,15,1,0
BRDA:132,16,0,8
BRDA:132,16,1,0
BRDA:133,17,0,8
BRDA:133,17,1,0
BRDA:137,18,0,3
BRDA:137,18,1,5
BRDA:142,19,0,2
BRDA:142,19,1,3
BRDA:144,20,0,0
BRDA:144,20,1,2
BRDA:150,21,0,3
BRDA:150,21,1,0
BRDA:153,22,0,0
BRDA:153,22,1,0
BRDA:158,23,0,0
BRDA:158,23,1,0
BRDA:159,24,0,0
BRDA:159,24,1,0
BRDA:161,25,0,0
BRDA:161,25,1,0
BRDA:164,26,0,0
BRDA:164,26,1,0
BRDA:165,27,0,0
BRDA:165,27,1,0
BRDA:168,28,0,0
BRDA:168,28,1,0
BRDA:172,29,0,0
BRDA:172,29,1,0
BRDA:182,30,0,0
BRDA:182,30,1,0
BRF:60
BRH:31
end_of_record
TN:
SF:/home/abstrucked/Dev/fabric/frabric-protocol/contracts/dao/Dao.sol
FN:23,getProposalCreator
FN:26,getProposalInfo
FN:29,getVoteStatus
FN:32,getTimeSubmitted
FN:35,getTimeExpires
FN:38,getTimeQueued
FN:41,getCancelled
FN:44,getCompleted
FN:48,isProposalActive
FN:63,activeProposal
FN:69,_createProposal
FN:85,_removeVotes
FN:96,_voteYes
FN:105,_voteNo
FN:113,_abstain
FN:121,_queueProposal
FN:129,_cancelProposal
FN:147,_completeProposal
FN:158,withdrawProposal
FNF:19
FNH:7
FNDA:0,getProposalCreator
FNDA:0,getProposalInfo
FNDA:0,getVoteStatus
FNDA:0,getTimeSubmitted
FNDA:0,getTimeExpires
FNDA:1,getTimeQueued
FNDA:0,getCancelled
FNDA:0,getCompleted
FNDA:14,isProposalActive
FNDA:13,activeProposal
FNDA:5,_createProposal
FNDA:6,_removeVotes
FNDA:6,_voteYes
FNDA:0,_voteNo
FNDA:0,_abstain
FNDA:0,_queueProposal
FNDA:0,_cancelProposal
FNDA:0,_completeProposal
FNDA:1,withdrawProposal
DA:24,0
DA:27,0
DA:30,0
DA:33,0
DA:36,0
DA:39,1
DA:42,0
DA:45,0
DA:49,14
DA:64,13
DA:65,13
DA:70,5
DA:71,5
DA:73,5
DA:74,5
DA:75,5
DA:76,5
DA:77,5
DA:79,5
DA:81,5
DA:86,6
DA:87,0
DA:89,0
DA:93,6
DA:98,6
DA:99,6
DA:100,6
DA:101,6
DA:102,6
DA:106,0
DA:107,0
DA:108,0
DA:109,0
DA:110,0
DA:114,0
DA:115,0
DA:117,0
DA:122,0
DA:123,0
DA:124,0
DA:125,0
DA:126,0
DA:131,0
DA:132,0
DA:134,0
DA:135,0
DA:136,0
DA:138,0
DA:139,0
DA:142,0
DA:143,0
DA:144,0
DA:148,0
DA:149,0
DA:150,0
DA:151,0
DA:152,0
DA:153,0
DA:154,0
DA:160,1
DA:163,1
DA:164,1
LF:62
LH:23
BRDA:64,1,0,13
BRDA:64,1,1,0
BRDA:86,2,0,0
BRDA:86,2,1,6
BRDA:88,3,0,0
BRDA:88,3,1,6
BRDA:98,4,0,6
BRDA:98,4,1,0
BRDA:106,5,0,0
BRDA:106,5,1,0
BRDA:114,6,0,0
BRDA:114,6,1,0
BRDA:123,7,0,0
BRDA:123,7,1,0
BRDA:124,8,0,0
BRDA:124,8,1,0
BRDA:131,9,0,0
BRDA:131,9,1,0
BRDA:132,10,0,0
BRDA:132,10,1,0
BRDA:136,11,0,0
BRDA:136,11,1,0
BRDA:138,12,0,0
BRDA:138,12,1,0
BRDA:142,13,0,0
BRDA:142,13,1,0
BRDA:149,14,0,0
BRDA:149,14,1,0
BRDA:150,15,0,0
BRDA:150,15,1,0
BRDA:151,16,0,0
BRDA:151,16,1,0
BRDA:152,17,0,0
BRDA:152,17,1,0
BRDA:160,18,0,1
BRDA:160,18,1,0
BRF:36
BRH:5
end_of_record
TN:
SF:/home/abstrucked/Dev/fabric/frabric-protocol/contracts/interfaces/asset/IAsset.sol
FNF:0
FNH:0
LF:0
LH:0
BRF:0
BRH:0
end_of_record
TN:
SF:/home/abstrucked/Dev/fabric/frabric-protocol/contracts/interfaces/asset/IAssetERC20.sol
FNF:0
FNH:0
LF:0
LH:0
BRF:0
BRH:0
end_of_record
TN:
SF:/home/abstrucked/Dev/fabric/frabric-protocol/contracts/interfaces/asset/IAssetWhitelist.sol
FNF:0
FNH:0
LF:0
LH:0
BRF:0
BRH:0
end_of_record
TN:
SF:/home/abstrucked/Dev/fabric/frabric-protocol/contracts/interfaces/asset/IIntegratedLimitOrderDex.sol
FNF:0
FNH:0
LF:0
LH:0
BRF:0
BRH:0
end_of_record
TN:
SF:/home/abstrucked/Dev/fabric/frabric-protocol/contracts/interfaces/dao/IDao.sol
FNF:0
FNH:0
LF:0
LH:0
BRF:0
BRH:0
end_of_record
TN:
SF:/home/abstrucked/Dev/fabric/frabric-protocol/contracts/interfaces/lists/IGlobalWhitelist.sol
FNF:0
FNH:0
LF:0
LH:0
BRF:0
BRH:0
end_of_record
TN:
SF:/home/abstrucked/Dev/fabric/frabric-protocol/contracts/interfaces/lists/IInfoWhitelist.sol
FNF:0
FNH:0
LF:0
LH:0
BRF:0
BRH:0
end_of_record
TN:
SF:/home/abstrucked/Dev/fabric/frabric-protocol/contracts/interfaces/lists/IWhitelist.sol
FNF:0
FNH:0
LF:0
LH:0
BRF:0
BRH:0
end_of_record
TN:
SF:/home/abstrucked/Dev/fabric/frabric-protocol/contracts/interfaces/modifiers/IGloballyAccepted.sol
FNF:0
FNH:0
LF:0
LH:0
BRF:0
BRH:0
end_of_record
TN:
SF:/home/abstrucked/Dev/fabric/frabric-protocol/contracts/interfaces/modifiers/IOwnable.sol
FNF:0
FNH:0
LF:0
LH:0
BRF:0
BRH:0
end_of_record
TN:
SF:/home/abstrucked/Dev/fabric/frabric-protocol/contracts/interfaces/modifiers/IPausable.sol
FNF:0
FNH:0
LF:0
LH:0
BRF:0
BRH:0
end_of_record
TN:
SF:/home/abstrucked/Dev/fabric/frabric-protocol/contracts/interfaces/platform/IAssetDeployer.sol
FNF:0
FNH:0
LF:0
LH:0
BRF:0
BRH:0
end_of_record
TN:
SF:/home/abstrucked/Dev/fabric/frabric-protocol/contracts/interfaces/platform/IPlatform.sol
FNF:0
FNH:0
LF:0
LH:0
BRF:0
BRH:0
end_of_record
TN:
SF:/home/abstrucked/Dev/fabric/frabric-protocol/contracts/lists/GlobalWhitelist.sol
FN:11,constructor
FN:13,global
FN:17,whitelisted
FN:21,explicitlyWhitelisted
FNF:4
FNH:0
FNDA:0,constructor
FNDA:0,global
FNDA:0,whitelisted
FNDA:0,explicitlyWhitelisted
DA:14,0
DA:18,0
DA:22,0
LF:3
LH:0
BRF:0
BRH:0
end_of_record
TN:
SF:/home/abstrucked/Dev/fabric/frabric-protocol/contracts/lists/InfoWhitelist.sol
FN:16,constructor
FN:19,_setWhitelisted
FN:25,whitelisted
FN:32,getInfoHash
FNF:4
FNH:0
FNDA:0,constructor
FNDA:0,_setWhitelisted
FNDA:0,whitelisted
FNDA:0,getInfoHash
DA:20,0
DA:21,0
DA:22,0
DA:26,0
DA:33,0
LF:5
LH:0
BRF:0
BRH:0
end_of_record
TN:
SF:/home/abstrucked/Dev/fabric/frabric-protocol/contracts/Migrations.sol
FN:8,restricted
FN:16,setCompleted
FNF:2
FNH:0
FNDA:0,restricted
FNDA:0,setCompleted
DA:9,0
DA:13,0
DA:17,0
LF:3
LH:0
BRDA:9,1,0,0
BRDA:9,1,1,0
BRF:2
BRH:0
end_of_record
TN:
SF:/home/abstrucked/Dev/fabric/frabric-protocol/contracts/modifiers/GloballyAccepted.sol
FN:10,constructor
FN:12,_globallyAccept
FN:17,global
FN:23,globallyAccepted
FNF:4
FNH:0
FNDA:0,constructor
FNDA:0,_globallyAccept
FNDA:0,global
FNDA:0,globallyAccepted
DA:13,0
DA:14,0
DA:18,0
DA:24,0
DA:25,0
LF:5
LH:0
BRDA:24,1,0,0
BRDA:24,1,1,0
BRF:2
BRH:0
end_of_record
TN:
SF:/home/abstrucked/Dev/fabric/frabric-protocol/contracts/modifiers/Ownable.sol
FN:9,constructor
FN:14,owner
FN:18,onlyOwner
FN:23,renounceOwnership
FN:28,_transferOwnership
FN:34,transferOwnership
FNF:6
FNH:0
FNDA:0,constructor
FNDA:0,owner
FNDA:0,onlyOwner
FNDA:0,renounceOwnership
FNDA:0,_transferOwnership
FNDA:0,transferOwnership
DA:10,0
DA:11,0
DA:15,0
DA:19,0
DA:20,0
DA:24,0
DA:25,0
DA:29,0
DA:30,0
DA:31,0
DA:35,0
LF:11
LH:0
BRDA:19,1,0,0
BRDA:19,1,1,0
BRDA:29,2,0,0
BRDA:29,2,1,0
BRF:4
BRH:0
end_of_record
TN:
SF:/home/abstrucked/Dev/fabric/frabric-protocol/contracts/modifiers/Pausable.sol
FN:9,paused
FN:13,whenNotPaused
FN:18,whenPaused
FN:23,_pause
FN:28,_unpause
FNF:5
FNH:0
FNDA:0,paused
FNDA:0,whenNotPaused
FNDA:0,whenPaused
FNDA:0,_pause
FNDA:0,_unpause
DA:10,0
DA:14,0
DA:15,0
DA:19,0
DA:20,0
DA:24,0
DA:25,0
DA:29,0
DA:30,0
LF:9
LH:0
BRDA:14,1,0,0
BRDA:14,1,1,0
BRDA:19,2,0,0
BRDA:19,2,1,0
BRF:4
BRH:0
end_of_record
TN:
SF:/home/abstrucked/Dev/fabric/frabric-protocol/contracts/platform/AssetDeployer.sol
FN:8,deploy
FNF:1
FNH:0
FNDA:0,deploy
DA:9,0
LF:1
LH:0
BRF:0
BRH:0
end_of_record
TN:
SF:/home/abstrucked/Dev/fabric/frabric-protocol/contracts/platform/Platform.sol
FN:18,constructor
FN:20,setWhitelisted
FN:24,createNFT
FN:31,addAssetDeployer
FN:37,removeAssetDeployer
FN:43,deployAsset
FN:49,proposePaper
FN:54,proposePlatformChange
FN:58,proposeOracleChange
FN:63,proposeDissolution
FNF:10
FNH:0
FNDA:0,constructor
FNDA:0,setWhitelisted
FNDA:0,createNFT
FNDA:0,addAssetDeployer
FNDA:0,removeAssetDeployer
FNDA:0,deployAsset
FNDA:0,proposePaper
FNDA:0,proposePlatformChange
FNDA:0,proposeOracleChange
FNDA:0,proposeDissolution
DA:21,0
DA:25,0
DA:26,0
DA:27,0
DA:28,0
DA:32,0
DA:33,0
DA:34,0
DA:38,0
DA:39,0
DA:44,0
DA:45,0
DA:46,0
DA:50,0
DA:55,0
DA:59,0
DA:64,0
DA:65,0
LF:18
LH:0
BRDA:44,1,0,0
BRDA:44,1,1,0
BRF:2
BRH:0
end_of_record
TN:
SF:/home/abstrucked/Dev/fabric/frabric-protocol/contracts/test/ERC20.sol
FN:7,constructor
FNF:1
FNH:1
FNDA:2,constructor
DA:8,2
LF:1
LH:1
BRF:0
BRH:0
end_of_record
TN:
SF:/home/abstrucked/Dev/fabric/frabric-protocol/contracts/test/ERC721Issuer.sol
FN:7,constructor
FN:9,mint
FNF:2
FNH:0
FNDA:0,constructor
FNDA:0,mint
DA:10,0
LF:1
LH:0
BRF:0
BRH:0
end_of_record
TN:
SF:/home/abstrucked/Dev/fabric/frabric-protocol/contracts/test/StubbedDao.sol
FN:46,constructor
FN:53,beforeProposal
FN:60,proposePaper
FN:67,proposePlatformChange
FN:75,proposeOracleChange
FN:83,proposeDissolution
FN:92,getProposalVoteHeight
FN:96,voteYes
FN:99,voteNo
FN:102,abstain
FN:106,passProposal
FN:118,cancelProposal
FN:128,balanceOfAtHeight
FN:181,_beforeTokenTransfer
FN:200,reclaimDissolutionFunds
FNF:15
FNH:8
FNDA:5,constructor
FNDA:5,beforeProposal
FNDA:3,proposePaper
FNDA:0,proposePlatformChange
FNDA:0,proposeOracleChange
FNDA:2,proposeDissolution
FNDA:0,getProposalVoteHeight
FNDA:1,voteYes
FNDA:0,voteNo
FNDA:0,abstain
FNDA:0,passProposal
FNDA:0,cancelProposal
FNDA:1,balanceOfAtHeight
FNDA:6,_beforeTokenTransfer
FNDA:1,reclaimDissolutionFunds
DA:47,5
DA:48,5
DA:49,5
DA:50,5
DA:54,5
DA:57,5
DA:61,3
DA:62,3
DA:63,3
DA:68,0
DA:69,0
DA:70,0
DA:71,0
DA:76,0
DA:77,0
DA:78,0
DA:79,0
DA:84,2
DA:85,2
DA:86,2
DA:87,2
DA:88,2
DA:89,2
DA:93,0
DA:97,1
DA:100,0
DA:103,0
DA:110,0
DA:111,0
DA:114,0
DA:119,0
DA:120,0
DA:121,0
DA:122,0
DA:123,0
DA:125,0
DA:130,1
DA:133,1
DA:134,0
DA:138,1
DA:139,1
DA:144,0
DA:148,0
DA:149,0
DA:152,0
DA:155,0
DA:158,0
DA:183,6
DA:184,0
DA:187,6
DA:188,1
DA:189,1
DA:191,1
DA:194,6
DA:195,6
DA:197,6
DA:202,1
DA:204,1
DA:205,0
DA:209,1
DA:212,1
DA:213,1
DA:215,1
LF:63
LH:34
BRDA:54,1,0,5
BRDA:54,1,1,0
BRDA:84,2,0,2
BRDA:84,2,1,0
BRDA:110,3,0,0
BRDA:110,3,1,0
BRDA:111,4,0,0
BRDA:111,4,1,0
BRDA:130,5,0,1
BRDA:130,5,1,0
BRDA:133,6,0,0
BRDA:133,6,1,1
BRDA:138,7,0,1
BRDA:138,7,1,0
BRDA:149,8,0,0
BRDA:149,8,1,0
BRDA:183,9,0,0
BRDA:183,9,1,6
BRDA:187,10,0,1
BRDA:187,10,1,5
BRDA:188,11,0,1
BRDA:188,11,1,0
BRDA:194,12,0,6
BRDA:194,12,1,0
BRDA:202,13,0,1
BRDA:202,13,1,0
BRDA:204,14,0,0
BRDA:204,14,1,1
BRDA:205,15,0,0
BRDA:205,15,1,0
BRDA:209,16,0,1
BRDA:209,16,1,0
BRDA:212,17,0,1
BRDA:212,17,1,0
BRF:34
BRH:14
end_of_record
TN:
SF:/home/abstrucked/Dev/fabric/frabric-protocol/contracts/test/StubbedDex.sol
FN:9,constructor
FNF:1
FNH:1
FNDA:1,constructor
DA:10,1
LF:1
LH:1
BRF:0
BRH:0
end_of_record
